# Created by Octave 3.2.4, Tue Mar 06 21:58:39 2012 EET <andrei@andrei-xps>
# name: points_ok
# type: matrix
# rows: 270
# columns: 3
 10.53603211257033 0.3813401308284865 1.788380442014132
 9.25673682641658 -1.818693907744546 -0.08664984612671156
 9.514794142910931 -0.9740623517792184 -0.8709116759227082
 9.692491994086925 1.058212400683639 0.6421782771784335
 9.300042416110291 0.001767681223107331 -0.2125123003349725
 9.26690040265979 0.6348755510501856 0.5485306553831202
 10.70504663148771 -0.1573263050961209 -1.761071085737193
 8.198875096198616 0.1285038446075673 0.8273764726423476
 10.31162933026234 -0.6517693610345192 -0.4044859998021588
 9.428773355572099 -1.26285036217696 -0.6748483213118914
 8.907823427239398 0.4348018187048273 1.372780949095294
 9.760205814602639 1.220792656421762 0.1891084883181731
 11.82952520705427 0.07570247643659878 0.5313828281882822
 11.06905449896012 1.15178070205524 -0.3293464175617735
 10.729982842361 0.1691687295750284 -0.03555437874667811
 9.275293906402622 -0.2628351387382366 1.421637039481348
 8.689774625180188 0.1635427839133592 0.2980180182945826
 9.974419525042832 0.2863397199278483 -0.674433282973413
 8.755189963519028 1.104982885151907 -0.8309890653936194
 10.01777202834306 -1.371923197190891 -0.9447883074785561
 9.028843009966298 0.4371424618699669 -1.038054293372208
 10.39031529566609 1.55542192258604 -1.047274199025562
 11.78413077413954 0.1906271705327898 -0.5939126389139109
 8.663154965653225 0.0378649297549547 -1.271844162573615
 11.26948523349561 -0.1146684744583013 -0.8965904012403982
 9.930834221544396 1.363886892211609 1.171290223464409
 10.24554312323368 -1.663958218477876 1.019555570702594
 11.50025483808053 0.08631484114869092 -0.5944765505985943
 9.160728630869 1.168933156235344 1.200725368838814
 9.816986239381002 1.218886414751033 0.00283603088715001
 9.758177832076273 -0.898992146444819 -0.3942471228461712
 11.19015085280513 0.7758399863634908 -0.1315381965995657
 10.34136300829747 -1.75558417914704 0.0540416008483775
 10.10487592018113 1.019037705993943 0.5959609149648024
 9.06276972823699 0.5695403818401785 -0.1186382226578637
 9.212939470496639 -0.67312845899468 -1.260200352485165
 11.77386685806334 0.1648148668687783 -0.506155993032807
 8.616360655208958 0.291033425245089 -0.08059723588305112
 9.467799366217847 1.393174214324676 -1.316793666112127
 10.1516585647071 0.5403495647465246 1.499733547181096
 8.588652281397035 0.4601072658130936 0.1799591420129762
 11.05754525377755 0.4203538392271691 0.1202399439578064
 10.09372414766951 -1.827157821413222 -0.6017978117567899
 -8.282984557732661 -0.5316511570702309 -0.7891380355212656
 -10.3294493433262 -0.9646301467380394 -0.8590918621354284
 -9.275460309798278 -0.4786899402052278 0.2697722446565911
 -8.670986769421404 -0.8004608110255187 0.8915585930475531
 -9.754082430921541 1.712918692637873 0.6674199925883686
 -11.45734369939746 0.5227680210150956 -0.9713599435461588
 -11.70123688607394 0.6000298915865176 0.7719018907024089
 -9.249458114351761 -0.8067229682282162 1.118264195334848
 -10.63422534531257 0.08420317565124824 -0.04524082493385806
 -11.16748698284933 0.8233735963602764 0.908407277341917
 -11.46015526646556 -0.9550232227765096 -0.9331452310048263
 -9.729619489637384 0.1895070527805611 0.9970499812458686
 -11.42969879060431 -0.2747729387229263 -1.127978706372642
 -10.167650076763 1.146245762418816 -1.341089539754344
 -11.06491951047466 -0.1341645329506991 -1.42348799736483
 -8.750453237588173 -0.9524454874268471 -0.3274278808689572
 -10.14089161731986 0.5418972051460496 -1.760803811235675
 -10.84289064550292 0.9330101907097657 -0.7443457806259459
 -9.940214687456059 -0.6792952654432203 -1.182737522048585
 -8.997534888262329 1.136425243860959 -0.0652235730318298
 -8.711938153791568 -0.2837304873941349 -1.252419963457931
 -10.74734109584775 1.785112588379765 0.3249206788425307
 -10.09102668462618 -1.085459499634442 0.9105883082373496
 -9.718518807046058 -1.151701713012891 0.2507015681325955
 -10.83901028580033 0.469125419199087 0.9339113025294363
 -9.548634672383562 -0.1294718561255455 0.1452132396597241
 -11.22750190768351 0.3480549449676591 -1.064052794267829
 -9.02030571713958 1.368448516066405 0.6435771587055403
 -10.97312306663267 -0.4184398498370798 1.462703935896774
 -11.32701013113361 -0.5347926809823786 -1.318221003843077
 -9.744315173150301 0.8571499450110358 0.40847060628847
 0.338046100685498 10.63974886044408 0.1724255574516578
 0.6113218807008707 10.08789423830008 0.1552256612590019
 0.9119218020565754 9.623389888836362 1.449415676511395
 -0.6505107981369485 9.611261080402342 -1.219292570499928
 -1.00469327073715 9.173310662344099 1.309692322966854
 -1.640834001931726 10.82012457352073 0.7712323210414449
 -1.119741201588154 9.657777437919691 -0.2556426451384251
 0.7515150828791106 9.702978024744578 1.514440960459887
 0.9188164054205967 8.849156997699106 1.179387617488564
 -0.9177943489640195 9.212130842461965 0.4057743583124527
 -1.842741705850987 10.3411808190744 -0.05240732842535789
 0.1896750000631982 10.56650795193196 -0.5268250138084569
 -1.598644642641345 9.153941963635207 0.6985088799832972
 1.071370458208434 9.528915082991549 1.029086580693636
 0.3713482938170189 8.581243619604859 -0.6186828775312916
 1.819345737234485 10.2108697709044 -0.4205189353661878
 0.317624301959043 9.029436051737413 -0.5290747379582681
 -1.102476226726907 9.392529955115037 -1.45371305712268
 1.029755585909077 11.06536988050355 0.564068152785242
 1.611790335850811 10.86380784253659 0.7636479167784471
 -0.5553255736248841 9.721490393017927 1.183355259627485
 -0.3201237908140342 9.523301654693402 -0.03210310397058014
 -0.5231564527787482 8.354214645787632 -0.6378251457572153
 -1.337971457248196 10.83191935946587 0.1533699252550971
 -0.171262181000597 9.81668759681247 -1.186717574101186
 1.551661704821687 10.95778176590089 -0.5782573826683792
 -0.9671556232879752 9.587734341717873 0.3883257171392374
 1.036516242523579 9.705398619088866 0.006142223734504793
 -0.8953042828669922 9.423689145992709 -1.55417218178004
 1.277077033162429 10.21009457671531 -1.253165810509848
 1.204099656341665 9.198914741284751 -0.03264222811022965
 -1.776096797254033 10.62334316265651 -0.606631875043836
 1.076258550466741 9.596263702181927 -0.8486259491904236
 1.33867767665277 10.39728504646284 -0.6350522814653579
 -1.097526848181976 -10.29776478875453 -0.58507641423134
 1.892691053524555 -10.46010789468312 -0.3745566456204534
 0.2493543674877534 -9.831259549561636 1.716678581141166
 -0.008974857137396208 -9.485150837390103 0.02126868703309048
 0.779298292660406 -9.427224879201885 -0.64077376736338
 0.2504022971201669 -8.743563521482427 0.01549570810630474
 -0.5330265205851668 -10.92031675084104 1.31463880249852
 0.9198193668876948 -10.60718299036316 -1.408264713283261
 1.057807537918728 -9.448705087226781 1.318002838840418
 0.0807453712594568 -10.2219720476033 0.8934369900074848
 -0.7218756236769954 -9.14159834247133 -1.493068191181332
 0.07041658735025358 -10.5956213970951 -0.1209354238215441
 0.3317919889859557 -8.956828968543599 -1.539900107491415
 0.7551410539375571 -10.95381514299355 -1.269652801846451
 -0.7570396881137194 -10.30841199396115 -0.8719661201051949
 0.03707255629455997 -9.463998756549183 0.343086580404651
 0.7952555442350255 -11.48283918771771 0.3255924845336744
 1.264951119566168 -9.632596038766827 0.9896284241810722
 1.432553577030681 -11.17638890396785 -0.3882343700946633
 1.143822461148892 -11.50852370671465 0.1979816972076232
 -0.6947337559330433 -11.38883051726492 -0.2806661285481147
 0.4767451923854518 -9.00939484514652 0.2627162587359448
 0.7461355765074305 -10.38404203859577 -0.8474381720252209
 1.744139683898865 -9.961907414095972 0.05429414536163257
 0.322301093321042 -10.15878865029006 -1.022574886343568
 -0.8754905059356293 -10.44989324894493 -0.9019971558559365
 1.809419995051469 -10.66419222004949 -0.08645187058751769
 -0.2260296146420029 -11.80902430704748 -0.742662947018631
 110.4254968392831 98.66985366197187 99.94839043255053
 109.5897405704003 99.80607775461428 101.1984916254474
 110.5720636604552 100.4815320912689 100.4272644858818
 109.419109856669 98.67372331009065 98.62627618261523
 109.0017993212094 99.31430455019718 101.2836099274068
 109.3036675230767 99.68264096041679 98.89800686977695
 108.8066669088661 99.5879749637063 99.40024438907506
 110.6771676299886 99.5570279956826 100.7763126079133
 110.8039727117795 100.4817886848984 101.0649384988122
 109.2655508954179 101.111314237767 98.58232452953349
 110.124260100814 98.07575988313025 100.0035126459222
 109.8268313441447 100.2632390685254 101.4168869543047
 111.0482686772887 101.1100428188956 100.976234662184
 110.6258935900744 100.3835066356699 98.92547085827842
 109.2011496979613 98.4663513988021 99.48894582497574
 109.797007172289 100.6165323786229 99.71479599180554
 110.763863882727 99.06757905271881 100.0362396960439
 110.6633277613879 98.30696334419412 100.2322674247995
 110.7065680443295 99.0198092581259 98.96584493537631
 108.4144476196106 99.41009660240147 100.0596356944775
 111.4776085770253 99.00305177404186 100.677598561593
 109.9191245753297 99.40116266673616 99.21051133511877
 109.6704172929986 100.7414028766005 98.73780572222218
 111.7451565800426 100.5017710128043 99.91983571845336
 110.5583361398968 101.2010831030995 101.1985435391657
 110.8159266211851 100.5447657037486 99.72604446594264
 108.803375820405 98.85886857137729 100.3451388175543
 108.7873058658308 99.40146490855182 100.767859563836
 109.5338926265345 99.81556365305512 99.34725566114624
 109.1795822999642 98.27918276517246 100.2472224217101
 109.2327221820821 100.1942721025517 101.16081965128
 109.3706690452291 99.88125213754201 101.372022531137
 110.2634390567892 100.6637081242234 101.2937546761941
 88.74007073217997 99.60331181675976 100.1317966328339
 91.06806932967899 101.3545821755218 99.36822789624819
 88.41192252835111 98.9934940191239 100.5155126174363
 91.09500504988523 100.5977776720333 101.0074841526404
 90.62388626755916 99.55306922070544 101.5534367191099
 90.36196018961652 99.23804151568794 99.75021511833975
 89.67991977126826 98.29711682567114 100.86730913956
 88.34660173600005 99.98965486769448 100.5253696697529
 89.92035585558349 100.6108598770141 101.0740763442455
 88.55380302862088 101.0205165450561 99.68353650772796
 91.06062923990935 100.3414331482856 100.4919157924297
 89.70473137353886 100.5267084790166 100.7509504129461
 90.8889370713887 99.03685706312812 99.7360886990102
 90.26160442390079 98.21455401963567 99.81969357003321
 91.19270135648976 100.2586547769229 99.73333900777645
 91.06373583066792 100.3849345854221 101.2490931192782
 90.31824505361156 98.52691031112965 98.94959993649049
 90.3087530306732 98.87849821577929 101.2273081173074
 90.92829134201637 98.82564446342853 99.01902440495583
 89.68586155546109 101.8239852067623 99.69642255560487
 90.97173783802535 100.7278683393344 100.4786050252945
 90.99782257015691 99.7186668871056 99.22262781084453
 90.19910718760754 98.38360877565623 99.25338252966546
 91.2469437075417 100.1507734860434 98.87009211622912
 91.50804618534231 100.0143794708975 100.749021542712
 89.2652235755458 101.555843940368 100.9932314816098
 91.03457026890511 101.1452794247928 98.81473304398011
 90.84917649525838 98.80730785177062 100.9323740177752
 90.80458641476156 100.4681445435359 98.59154253961113
 89.03821670458831 100.0976964105409 100.0772510530009
 91.18134515988345 101.0185514307835 99.67851665833588
 89.55813457864963 101.264694120135 100.5579784429735
 100.9026591913528 111.3826418529234 98.98578033936033
 100.7177942998972 109.1223740011684 99.91073221239344
 99.37294600811563 111.6702868944939 100.5641758785639
 100.1200169073726 111.8430142782617 99.25879378411253
 100.9559940139147 109.3162153623905 99.80884750208944
 99.15406415549668 108.713431046697 100.1328214770005
 101.8657382344001 109.8070305079849 100.5985015491068
 98.41256567334874 110.6531762235634 99.95588124584791
 101.2354723937595 110.3185992669321 100.8042352336164
 99.45099118658662 111.4502594731833 99.45455765344316
 101.5567806075141 110.0069939554686 99.205912638524
 101.626270094364 108.9650498113359 100.5265289941984
 100.7640028157762 108.7401032538385 100.6303427528936
 101.5005562956783 109.9678070673432 100.1590247587099
 100.4198177840239 110.1533292092755 100.8292553299926
 100.2779721292005 108.971118797627 98.63165095060474
 100.5380360145028 108.9722782397782 100.6569833524914
 99.21184305344953 109.4712005706178 101.6629603303752
 100.3030694995699 108.6144500767575 99.26114192648606
 99.30033186654222 109.7471500070685 101.1081573265909
 100.3909404604817 111.0440798197672 99.61614609267923
 101.1325594107997 109.6035992023867 98.82865914894465
 101.2058017981486 108.6930416990479 99.16190185812783
 98.89290423520004 109.0274680996086 98.95827059921439
 98.59832456824638 108.8218908318141 100.072383540027
 100.3923290966487 108.9110488213624 100.5940896226789
 100.7183566566357 111.6049486284408 100.7865231277837
 99.65923729407672 108.4947808843633 99.85340141999568
 99.25365161255952 111.0389240713721 100.1690158322956
 100.1208219938772 109.1131537282719 99.71700322228079
 99.02358826993981 110.0992795039979 98.70724166850671
 98.7184731149863 109.9409678609946 100.9981763798912
 99.18839268924482 110.6441518119686 100.9780420151271
 100.7283219964928 89.69330508047852 99.60213841438005
 98.59264540242654 90.40415128730054 99.29644678090027
 100.9573658097926 89.16731905459949 100.9216275126504
 99.76828589370977 91.32156130535111 99.65243868635639
 101.0608195667619 91.00885687544654 100.4454977262877
 99.83322563586069 89.73803315218207 99.41489346855778
 100.3620129872066 90.51338935428234 100.026850431284
 100.5840352632848 90.4095062782811 99.00807082310405
 100.3389375110914 88.8720501465456 99.72785835623471
 99.44152182077882 90.41290329785613 100.7455833791937
 99.67386191371362 90.50548539497932 100.8574816143867
 100.8527023154875 88.93759952364006 101.0193174427971
 98.88685029414471 91.38210233417017 100.2521598872058
 100.3952272472366 89.64721980856416 100.8464390754632
 98.10049218020032 90.24399260997946 99.74480215592091
 99.5394419785997 89.91995015223871 99.86607545084954
 100.0862733332761 89.83990045671698 99.26542693825265
 101.1841939135595 91.03445791087327 101.1972260242105
 98.93281602242077 90.49402808493792 101.407459953871
 100.7228549038307 89.07604928950443 100.8146855783128
 99.67115031609262 90.7368340379636 98.87107185226979
 99.45778091350277 88.96203959873921 99.58381579919097
 100.4587275357525 89.78098620871086 101.7342496101217
 101.4671189234691 90.37326945959529 100.01606060489
 101.149118684603 89.18459028832828 99.15680421705031
 100.5048914393766 91.06175763777406 99.88353543384315
 100.5708960671218 91.57774290566212 100.2125631266255
 100.870781687347 91.48344172481043 99.91123376726999
 101.0032910302279 90.56370152309378 101.1312333141421
 99.68507195667704 90.04591346168957 100.3673846694291
 100.9130610506567 91.26651400767386 100.509931454205
 99.25302812966443 90.07296562967636 101.1375516118354
 98.87555416082525 90.84866152856455 101.0816079276185
 100.1270988485789 90.51607254417083 100.3168824908783
 99.96152248659216 89.5796674773929 99.81193123239387
 98.97169421929152 88.51697360379085 99.20432945121786
# name: centroids_ok
# type: matrix
# rows: 2
# columns: 3
 0.9094353887449822 0.4042555768733568 -0.09951418820708018
 100.1882789761874 99.7173128763628 100.1121617134735
# name: cost_ok
# type: scalar
2688.66732817644
