# Created by Octave 3.2.4, Tue Mar 06 22:42:22 2012 EET <andrei@andrei-xps>
# name: points_ok
# type: matrix
# rows: 1588
# columns: 3
 -1.076437041592973 0.3505166477230097 0.2457811079174226
 -0.4173788493386377 -1.398105642795896 -0.968028836348952
 -0.6546958243894883 0.7031582067790687 1.731186403619629
 0.4912606463162663 -0.4465555353783859 0.4577405174637659
 -1.16514053351964 -0.7251241816509435 0.6225733116553505
 -0.4882633015543136 -1.885755543703837 -0.2935899223246501
 -1.788766589345876 -0.2963833564120784 0.1526557401744117
 -0.01421293951843361 0.8200916504009221 -0.1281962587505732
 -0.05831091457437831 -0.9800203704914459 1.609088522185429
 0.9117104984975706 -0.01388864127520573 0.6533435166160002
 1.480537324554904 0.7863824646961093 0.6889387639095617
 -0.7664718483574864 0.3452657931181364 0.7605159171108724
 -0.5857086125919146 -1.291136296020535 -0.01583215083358636
 -1.301394808399686 -1.377083480054785 0.6321210830336716
 -0.8111118277971083 -0.09054081858587559 0.6578591975780315
 0.2838645496279653 -1.095490034513335 -0.6093017112325934
 0.6445295557437376 1.041633065841943 -1.167783277185499
 -0.7508934060369936 1.050815302798404 -0.0758053957751621
 0.4349896883803175 0.05371964261836437 -1.158341441482452
 0.5218028102144898 -0.6839193237743519 0.8215740211385678
 0.8065836808726825 -0.07355729496810137 0.9116088490186085
 0.3094363282830486 0.7440093790713651 0.9206353926666497
 -0.08917939804718711 -0.7054500322613639 -0.4077997982162171
 -0.1330000523039219 -1.851194010611645 -0.1750288636421409
 -0.1685078750482345 -0.09098979515585914 -0.6730769733894302
 0.3734265462125346 -0.171504355540564 -1.188287662582755
 -0.1799643088249689 1.46059873110341 -0.7479081122281304
 -0.8205095763733612 -0.3582667975105382 0.3694883328504686
 0.208497303345434 -0.2693832981523105 -0.7090988548724104
 -0.7839567889553918 0.7041858388053379 -0.1392420138349417
 0.4020254498294791 -0.8972052019589916 1.424666830260554
 -0.2308942184736014 0.2159346984866928 1.068005723281478
 -1.60206695782441 0.1533987186306649 0.2747326973802631
 -0.8245383288822798 0.3019828235832271 1.079831830120067
 0.3085108085351473 -1.904351699917778 -0.09066491526872666
 1.058708286455604 0.4572470972544034 -1.475455646776837
 -0.04261981688182126 -1.902890520031306 -0.4379315297635775
 -0.2188868258512662 -0.02339186706788454 1.470541947702221
 -0.2683710052565316 -0.1475373275824865 0.5033195138719537
 -0.03477217594039206 -0.2498385735728947 -0.3385415516904937
 1.784762275771344 0.5944040365839895 0.4682693972053893
 -0.01304789213653001 0.06547425445068455 -1.284426117923066
 1.079765245009012 -0.6775424663878906 -1.370958996503994
 0.651744680574208 -0.4434718295726248 1.419495530721548
 -0.516817761637822 -1.757885001618192 0.02303341769454414
 -0.1787725786031766 -1.394927646325457 -0.9676210638381535
 0.1185922386172185 -1.160686409281755 0.7771137830526667
 1.74315217577431 -0.2044174621929458 -0.9305170251213857
 1.025082501744087 1.269324967479442 -0.6892457178036449
 -1.311669050601881 0.2567744186590946 -0.1992087228472579
 -0.1095735472022821 -1.5665200000274 -0.7687263967520079
 -1.074664196568479 -0.0409612799079293 -0.7628463440751985
 -1.007486348042278 0.8369337233640195 -1.13842053658921
 0.2650803847617511 -0.4500906244039002 -1.236996967878418
 0.7751968643690366 1.539685647650524 -0.5217651473989824
 1.590257348271884 -0.9651996306725452 -0.6167935891447283
 1.152818525475571 -0.4809160317963206 1.094650876439701
 0.808639915424028 -1.660339981387341 0.671301493831292
 1.855855639117374 -0.5132433198750588 0.5201621669572218
 0.9619683002924639 -0.3087226672426515 0.9024344261691635
 1.557701100466578 -0.4545783700035637 -0.9995823571906335
 -1.291025469905973 0.06573554973518236 0.1750018350488132
 1.053383593508638 -0.04177179869098402 1.589231107512076
 -0.5841430102684335 -1.603873183526282 0.5846885166086571
 -1.399970761398547 0.4580856911519722 -0.8660016166578182
 0.05339675274633615 -1.382583255653519 -0.04203789873260555
 -0.7783124345455044 -0.2628121282520441 1.813336736500908
 -0.7396442294364014 -0.03935073083662677 -1.743310241112808
 1.622792511048903 -0.08640233557194832 1.155494509190013
 0.4617173274837305 1.272035181056713 -1.41099426469
 -0.7735256521403209 -0.1482626465941113 -1.091603892692927
 -0.9036507878370423 0.4159394910935164 -0.5799784688718235
 0.003574027767059729 -1.289854042374831 0.5303302288204081
 1.240867495257602 -0.3077766979680694 -0.01023090993763787
 1.281260019940979 -0.3542310518994192 0.7205681136638686
 -0.2618554700406437 -1.503314301709703 -0.6189234368560943
 -0.4727272897982988 0.4003950892609764 -0.1563613932067789
 0.1662564244170088 -0.6946430680591689 0.9484301492805467
 -0.04737662027335099 -0.0983144774103295 -0.3297452307337203
 -1.897580400113919 0.1268259761612276 0.2619293473171576
 -1.345734505846667 -0.4518908682792657 -0.9703422808119384
 1.259817401543676 -0.8550751354384809 0.7911068334368561
 -1.164136178479908 0.8832016444133801 0.3061584140342752
 -1.309598127022342 -0.4275388215483888 -1.14723059021837
 -0.3819224203056384 0.4245213979080482 -0.5681141399418792
 0.718006084181499 0.737346946456745 -1.386757863334078
 0.7617417603971708 0.1577511884150691 1.008550561578826
 0.8374718377778301 1.274820949967539 -0.1682744820006652
 0.880995740242521 -0.1826121050754883 0.7736062932660297
 -0.3306036475658638 0.8083406259044339 0.3314240295892641
 -0.8927953469804606 1.77761214696964 -0.20616713326511
 -0.775459009993184 -0.4408242260948405 1.505981414073645
 1.332660178042668 -1.244066454268137 0.6937662326467411
 -0.5516030844548443 0.7618949823838816 -0.02510439176135448
 1.557056662528929 0.3002131520774474 -0.6283541525739549
 0.802803216983548 -0.7493123738169942 -1.507795329926779
 0.2703282257914221 -1.709255613381677 0.5379140255928427
 0.7133707896105981 -1.430130873899002 -0.4292160750228862
 0.1992192125369625 1.511072176839224 -1.148857231421165
 -0.4798764120455974 -0.3408927964363764 -0.288595765033308
 -1.312978435708903 -0.5252625066720829 0.02136341882360249
 -1.813851064628245 -0.3966498271096255 -0.3460121778836507
 -0.8361785303108518 -0.399321887162712 -1.594889221131926
 0.9029442260618192 0.4800738987173454 -1.26606605359071
 1.438847376804217 0.2626012806521842 1.320540094650013
 -0.9042472101279231 -0.6202146034044056 0.7093705555807754
 1.75070377218032 -0.5614775518620589 0.7089639973383011
 0.5470809498223388 -0.230227296220155 -0.3241139800931523
 -1.073084815477697 0.08343505155960118 -1.403129349580251
 0.1038574218017185 -0.6054098482116126 0.3240969957102844
 -0.9575178180583446 1.722647302727389 0.2595589310684918
 0.3853536733073888 -0.8314360616078769 -0.6861781309114379
 -0.5998474912676446 0.6235083593392523 1.294292596591757
 -0.4191346925691917 0.2415326482475511 0.3571713582129132
 0.2804759360199967 -0.9208017396629982 1.173985470986419
 -0.6455955615325284 1.789095611077854 -0.2294384540558843
 -1.338039118023563 0.05254686648939488 -0.986711729709141
 0.08669179370736702 -0.8661011393756903 -1.444644680598817
 -0.408617017264348 -0.1202420952749075 1.284667464234857
 -1.773539774018718 -0.4271224015513833 -0.4301861116861223
 0.892652700947334 -0.5305761848325672 0.1120563458547124
 -0.926535761913456 -0.1259667754107261 0.4326497885919953
 -0.2430666782432047 -1.031587391795381 0.4932367126687338
 0.9221868233876287 -1.382912885531508 0.8311592624695239
 -1.008816492431147 -1.240828235072594 0.5739186721356773
 -0.1098059756845127 1.374796812148962 -0.7771805018191189
 0.3152096145541359 -0.9493034584664255 0.3649754412015178
 0.1197458713234938 -1.435439301001201 1.371881812825671
 1.38662962699089 -0.257491830004797 -0.4306027842902347
 -0.811111671475403 0.5623273958141928 0.7784569697908821
 0.7260737438134481 -1.05404290113227 1.388597762284572
 1.359980338379731 1.185091513112368 -0.7033742401038479
 -0.6112566663327248 -0.3771855979765426 1.394802454779355
 0.7461695274768578 -0.01320225179339629 -0.3646409921536209
 -0.3577778724523613 -1.225556389997039 -0.7331840089123911
 -1.179259504800391 1.066268135855324 -0.6968183279148652
 0.6235182519656459 0.1284910992755304 -0.01374844602622161
 -0.9917989261502107 0.6666404175956107 0.6148904237776711
 -0.6654797948881706 0.5447339076778603 -0.9510767156522191
 1.05943670069597 -1.070580136476171 0.4914212509267437
 0.00622259572521644 -1.171844406578333 -0.1752028628577909
 -1.509933440505365 -0.4912082178580868 -0.01381316343061267
 -0.5423979555640395 0.77539056852974 -1.471052082074544
 0.1987425174737067 0.312133190521922 1.593013322594926
 -0.9550793196705383 0.07649853095078907 -1.553993003207634
 1.605937469101987 0.8583263583847134 0.6577602596372505
 0.9103244513674937 0.2132868490510913 -1.474673125094409
 -0.4283077197509273 1.276638873169332 -1.412021210964631
 0.2714187153783425 0.6218301034532083 -1.534258920825465
 0.9218875116385852 -1.442490988638041 0.4172492144618318
 0.7623000291704209 0.1386580926313701 -1.78037577404931
 -1.063282053817314 1.587825921677419 0.4386467598135591
 0.2023113153216194 1.082451634799176 0.2324046556120765
 -0.3255392791395602 1.562256093437332 0.2263073719625348
 -1.286234143853765 0.2325604674618518 0.4469118263676148
 0.8384007161047875 0.2411547303613437 -1.366737045193496
 0.9492088407168859 -1.401657475172084 -0.9032581804617121
 -0.1990759051347204 1.834062156769067 0.1561112760501477
 -0.6882404127685933 0.3914451746555585 -0.07154471704342868
 -0.8182219644075459 -1.493709600539774 0.5900953489028593
 0.3340329964410169 -0.7020361223702805 0.8869707193612593
 -0.2284560024050168 0.3495892671393781 -1.926445630642164
 -0.6050917992851084 0.3708525235353117 0.1393192580945324
 -0.09799271513873742 1.465876807564584 -0.8939791167457407
 -0.5043848600437324 0.852397437466986 1.402007363406065
 0.8978662856347377 -0.1600029877346858 -0.1309228857226408
 -0.3193719008201745 0.8917545381578056 0.05952269485514128
 0.2563879881738389 -0.5720522539350623 1.148394530926056
 -0.7153310330756024 0.5665668830903963 -0.6564550685842157
 0.07567257624553436 -0.07102763064373119 -0.5921492070813492
 -1.160756553910596 -0.3544118649660939 1.315230455662476
 0.9246955660892771 1.084093359810653 0.1128537867840911
 0.7463883837045584 -0.2793194248731072 0.2086269975017565
 0.09160121120871612 -0.7638279798760632 -1.400955275134589
 0.8174434351458975 0.9955285337726933 0.5117668907524116
 0.4362953537621768 -1.118563279780222 0.2074118157933325
 0.5096816504224875 0.6255156127350689 -1.352658563625685
 -1.212127342122888 -0.2048013104437565 -0.320848718418852
 -1.190362948234158 -1.040285819567265 -1.110488936029492
 0.1137459052403815 -1.491850836717218 -1.05572661505537
 -0.8859572706194256 -0.1153893095297327 -1.757678071872756
 -0.1416587904403952 -0.08371336816444974 1.020921514226686
 0.6781597732259721 1.414836379063945 0.5636634791148278
 -1.373905759394677 -0.4077398116021473 -0.3625697010409346
 -0.4854485307288587 -1.299523301749159 1.095149806087612
 1.648469034975163 -0.306315258263133 -0.03848749971028442
 -0.5210404901591656 0.8770868367988984 1.644360130253896
 0.7455918604198648 1.044154414631307 0.3562984271833032
 1.273840057437389 -0.02074886649826291 0.5726801412808324
 -1.739547521069692 -0.3055089229300021 -0.8412748967294397
 -0.4818383454568795 -1.037686378164178 0.1091873835952555
 0.2883861236621597 -1.722030565075507 0.1557157052805058
 -1.575473621474037 0.577768327124597 -0.3975611715501761
 -1.282769406286423 -0.269113361960484 -0.4887857578841677
 1.740535801266116 -0.4041124741309929 0.4157011836069135
 -0.4703769005527316 0.3883844060579555 0.8085149995018113
 -0.9958951212175611 -0.5754342184084325 1.447007322273229
 1.019960428972847 0.6775677041287755 0.2142913110902112
 -1.125742215967013 0.7937167425097509 -1.078166773072237
 0.7319335760679571 0.481827625889613 -0.95389891266135
 0.3548919097305094 -1.33272649486671 1.440002496661489
 -1.787561054257057 0.005850499561354638 0.2593914983608343
 -0.2351441755055459 -1.114818721494913 -0.6720869959805296
 -1.033626141126684 0.4056184866782777 0.7207332440059337
 -0.02138024622779233 -0.6736996920197738 -0.8379498677709443
 -0.7027950040717583 1.601653643361518 -0.5840146160799733
 -0.01166920740476152 1.28997078602573 0.0682162073572341
 -0.06280196145805017 0.1195523738304738 -0.1695350777635449
 -1.150966483837668 0.1049473540048647 -0.5653063227593125
 0.0984746149289748 -0.7831596145300466 -1.797034660134051
 -1.451799966464956 -0.2866641973567028 -0.969760936260968
 1.395385983555471 -0.14625103751688 -0.02381057837658962
 -0.2515593158029972 -1.760360230122087 -0.1006134733961084
 -0.1318100459952969 0.6956682011435453 -1.005963144555706
 1.955305661167063 -0.3011993149569323 0.2129207025270317
 0.1445571914310113 -0.4605231092337074 0.4904993241838165
 0.3095690445884407 -1.008119307373721 1.205128612121137
 -0.1877645656076556 -1.2247737267632 1.512785046150819
 -0.6043003866150964 -0.9335539542241171 1.147926352056416
 -1.597698918421345 0.5037144423980022 0.5023092028077141
 0.01140386281234607 0.3327002267576966 1.216078394510697
 -0.8494830872228649 0.3297085314696635 0.1163007780072007
 1.57598250107857 0.3465354638411315 -0.737749070328533
 -1.903735792560056 -0.1049583544022468 0.2747864558336399
 -0.3138124016382091 -0.07025041025777345 -1.46023404152311
 1.089304450926371 -0.5008162271401162 1.025818196410875
 0.4246252590329376 0.9021718689545142 1.687764869308843
 0.1462409430051097 -1.754597319311763 -0.2422817071214471
 -0.09173150064820734 0.6653333392989378 0.03506638299343612
 1.146225402829888 1.180804594900875 -0.145111214689621
 0.4071581635715842 -1.18713303329013 -0.4653013287394889
 -1.063808822628338 0.02443147954622438 0.1539021857538865
 -0.5932443430096594 0.6493158787806843 -1.596621888472981
 0.07438651699203902 1.415382776797007 1.245140086493356
 0.4010883796907172 1.596917258008947 0.6070541747027112
 1.139510677624498 -0.4345127873565324 -0.03995012271050924
 0.1916998104525707 -0.9454070820073233 -1.091298093331345
 0.937738906854408 0.7798039783481681 0.4382499615904538
 -1.397144393684474 0.4872174318159859 -0.6900578138211315
 0.8808837944864116 1.124181434093389 1.040864933578518
 -1.07806105013635 0.8231797147943056 1.158224734578418
 1.039424920826194 0.7351743480467645 1.506568099528844
 -0.6648049717628706 0.574385305384169 1.707398198179793
 -1.471889716934534 -1.259720559640293 0.2585723711100152
 -0.6425934352307385 -1.041788731613847 -1.464947126621749
 -1.352608074269029 1.290991270648117 -0.591547200392095
 -1.174151098359806 0.2380972297413684 0.3169489945607982
 -1.153849120722345 -0.02671419860058921 0.4531338352994476
 -1.433799134207568 0.7129030189783565 1.115047719227431
 0.5905844453995508 1.648518777321359 -0.1265284962692348
 0.6300459615584302 0.6960101009901432 1.129393047369012
 -0.3079587399710382 1.154653810460246 -0.8063442531678395
 0.4779349361863496 -1.399483984901863 -0.8349468068696566
 0.3175714347217449 0.3534158398129992 1.053903013167115
 1.109450625177595 -0.7297960246977444 1.452027558370967
 1.711032375622933 -0.005681251940898635 -0.9898877133290604
 -0.7286662594802602 -1.373560478131443 -1.226898787553916
 1.462958254747972 0.07265791051884962 -0.2833412760840022
 -0.04236124757527349 0.3723590108275916 -0.2820615718850419
 0.9602903131331022 -1.036039810134708 1.165692609105426
 0.281853133177556 -1.03229934739734 0.3193075703014592
 0.50872787102894 0.6814334450086021 -1.690220323196621
 -0.3687147086917599 0.5682086568436651 -0.09547340455256292
 -1.010737357590279 -1.372200769421734 -0.5638289757500103
 0.1183112498708376 1.123204187410677 -1.590503584537392
 -0.5539372434825955 0.2939981581224775 0.4417487359052457
 0.5016756031574037 0.8351313865404482 0.485189575450431
 0.9504498701563509 -0.173249100300753 -1.138210011353777
 -1.143856647922041 1.342882490651898 -0.1188855155115431
 1.509805290949797 -1.038092449690647 -0.02478823547353914
 -0.004724723233086925 1.325484115383463 -0.3152022137194865
 -0.6531142978790789 1.507365201174812 0.2670916719325098
 0.5758686581145063 -1.070997874353965 0.2684435661179849
 -0.2709777375984446 0.7682257497019012 -0.7591700907746233
 -0.4462722301052728 0.8839971757106557 1.021011307974564
 1.054338985633068 1.320837368912885 0.8691792900373332
 0.07598519124321657 -0.4797485109553155 -0.006048058899358333
 -1.144276796202693 -1.378991070988676 -0.08495408188406484
 -0.915084000712439 1.408518817580753 1.066386170533366
 -0.2388468583748378 1.334159550364577 -1.014552064736232
 1.26968150077739 -1.038482086908851 -0.3282780030154619
 -0.8005493221202131 0.5100615309632679 -0.4299141228906145
 -0.5114089302695721 -1.825371195570982 -0.03550551342763142
 1.179204823080582 0.4381063183943099 0.3543092262254692
 -0.2632633383540359 -0.1542814585596275 -0.03373291375040721
 0.7819717064888048 1.414757891003259 0.0882066962368846
 0.8874356695758117 1.276473861097223 -0.3700674168918805
 -1.593011654395558 -1.078189592613652 0.1109481039762277
 -1.108830185847739 0.768834957010498 -0.6339001920430574
 -1.255298341325241 -1.316228467461834 -0.5727349240318411
 0.5962260175354661 -0.4499086807329749 0.9813586932489948
 -0.6286006002557192 0.3015607838551446 -0.8171161827035707
 -0.5627148483314433 -0.5215592933112803 -1.584613452513735
 -0.02130658209648684 0.9089898512763401 1.504505035360643
 -0.3553570921844036 -0.4146023083753023 -0.4809277813458313
 1.707494721186731 -0.4209596918635843 -0.6822094288770251
 -1.8365933443192 -0.2993527636159155 -0.1613786364621179
 -0.5816157887690536 1.295037390960758 0.8956103313271164
 0.5665921461954269 0.5313796834993889 -0.9713626939599342
 -0.09549284418100767 -1.798393519685405 -0.5027123777244664
 -1.313598135230069 0.0306180140444412 0.06744833788107174
 0.01174372224499987 0.4072186584249797 -0.8402288711322183
 -1.111403417591352 -1.204980629897663 0.2041367384614325
 0.4301543122690963 1.681237360936721 0.2852174151693152
 0.08661848978232145 -0.8057730849370406 0.815244453357415
 1.090466156509363 -1.415012966308254 0.6346350540332093
 1.499182600167349 0.9355158714966199 -0.7885578371414803
 0.5614334676365793 -0.9918574995061225 -0.6512829727978915
 1.413679661092652 -0.245906787809121 0.05540163359886385
 0.5209026477386036 0.251859779515657 -1.360431861324243
 -0.7218593043187422 0.4722918228027138 0.6449458663920402
 1.767162644598277 0.2590105890624921 -0.4003788671901136
 0.01165199231815395 0.9109508123831116 -0.6077822319940764
 -0.2151561965316093 1.672335588480493 0.9158477258949289
 -1.281128515056752 -0.7192607399776623 0.5638342067701245
 0.1207665818325272 0.05496277472634326 1.047962050777267
 0.2387364373991172 -0.7300656410487176 -1.661732436113597
 1.696700494142148 0.8237886525190259 -0.5122243845700274
 -0.4618084436592731 -0.6735972059688058 -0.1687046153108269
 1.050293728291204 0.4418469387307389 -0.1889648023249013
 -0.08232551690287759 -1.903267613452264 0.4047682093914231
 -0.2983697240529051 -1.376452801038816 -0.4229921463911499
 0.1618084466510621 0.7991229775246476 -1.284568434754815
 -0.7695819477971202 1.754347163792254 -0.005971599695843155
 -0.3755267257086381 -0.3939789239657403 -1.199251279728666
 -0.8556626736383264 0.2465758489017635 1.005259344965684
 0.3915795616366151 0.01114810108503139 -1.935702522254888
 0.3775110007064471 -1.732508656006145 -0.5394066420951396
 0.8448676330782168 -0.1518313037253505 1.017793795607241
 1.2058883461635 -1.428117752490874 0.3217870497894157
 0.8586479246143459 1.100726624159884 -1.053430191209597
 -0.4989536079696146 -0.8385839582653463 1.014841253700671
 -1.68928665559916 0.4215649611884218 0.5941124403282489
 -1.29947387064338 -0.1807756028010872 0.8276797886085503
 -0.170735610013667 -0.2112359430019877 -1.307926215744188
 -0.490084471077511 0.08087113391747547 0.2453460973288744
 1.032214666405085 -0.5503651313018898 0.2184041856187502
 -1.708685548597873 -0.08336457932519559 -0.8082296854494182
 -0.5401814308489727 -0.4521107044330763 1.086898597453827
 0.7581255520083543 0.1294010566876911 -1.400969739238626
 1.933422238256357 0.198603179288618 -0.3664262936317775
 0.02212473072212573 0.1739604406629591 1.66057951131594
 -0.9418127935902765 1.144485015991414 0.04591672153764392
 0.2134536161265697 0.2045551732205624 -1.045083219402085
 -0.05880640960061734 -1.524841082047952 0.7899140283451933
 -0.04975309121891569 1.020455296597346 0.08011442512692923
 -1.150008488922565 0.4828294875622166 1.444118234505949
 -0.08957107380740825 0.5415455244045999 -0.6507377978344315
 0.4346072285692526 1.699949569576039 -0.7896948524873142
 1.274076515556319 0.3847222905265917 -0.6912443721552866
 0.8746025736165484 -0.3764873365174 0.7516802460178726
 0.1516378001347123 0.6005716850117162 1.340934653029217
 -0.4849944017176238 -0.1263075382612817 -0.1905780718701442
 -0.5414047701568629 -1.151111964773457 -0.6566007146668384
 0.4812709364515211 0.03097673835778725 0.1277556639378328
 0.7977914555722236 -1.087535442244431 -0.526284906007523
 1.43254462973437 -0.07851764454894083 1.270092392102442
 1.061810948213099 0.8940579653431708 1.087067634368591
 -0.7543014878491319 -0.4251965246057263 -0.05825310305023712
 0.4717472643692182 0.2546734655764449 1.048918497137755
 0.550094917994759 1.382019465978876 1.257134267739882
 -1.617678544519335 0.2293547194779566 1.084603091115397
 0.4581102801114114 0.1342271945111335 -1.283643352888811
 1.476260645963298 0.1547420753691449 1.046767983185344
 -0.1844023991407984 -0.31338785675298 1.874392487542958
 0.4428900905240782 0.7606195656472421 1.762900373250483
 -0.3914393213382967 1.173832220956889 -0.2951535692612353
 -0.0847436322203079 0.8705406927926029 0.808483851661014
 -1.311159805911806 0.02797277459491365 0.4986130816310759
 -0.07215420017195595 -0.8648696111822198 0.04814942200820704
 0.05937920038674394 -0.5498426783436774 -0.381021799755932
 0.9019937105581932 1.742290910797737 -0.1247165345970138
 -0.04228364259362549 0.4377709858476146 1.191997628693677
 -0.5632760272997068 -0.8256568187268403 -1.656427246370382
 -0.04054338947189806 -1.928556225193546 0.02604973812381317
 -0.3101380191475316 0.5544076348861009 1.118717672291665
 -1.001239160075471 0.6866973568356958 0.2284429601735383
 -1.183213942312203 0.9309196758516212 0.2418880120306555
 -0.09539307461034174 1.062367869409893 0.2795271467632485
 0.4371031367481075 0.2093590991506122 1.156242795840966
 1.180870041150014 1.023856871642175 -1.081676424859967
 -1.079049967833839 0.4593801519453744 -1.589921531471574
 0.8791049773340887 1.061704540450547 1.327745058642039
 -0.7546508465058721 0.7519460690921203 -0.9567638846956681
 -0.1018848130346954 1.021281135741219 -1.709675090940994
 -0.5351068681648441 0.7063771842390074 0.650477729026643
 0.4128359776172497 -1.106890715532044 -1.494777598474941
 -0.5835501518933721 -0.1992710195106711 0.9624299495745601
 0.5418953021353174 0.07490778988760338 1.812085916897136
 0.9484204277839212 1.486148999522711 0.913677332498259
 -1.04245522239148 1.164843122069657 -1.141350849777193
 -1.310238741291027 -0.06673922548397004 -0.2469781751453202
 1.203202237197869 0.626874526891029 -0.3165473663351943
 0.7167730065239137 -1.031107929102604 0.323472241053941
 0.3718923612257958 0.9384684005379547 0.5258809786652687
 1.167906664201457 -1.311210043222684 -0.6229253212170269
 -0.986219857184971 0.6180362706453275 -1.40255077457919
 0.02743712502076701 0.8559992579552054 -1.080917800291125
 0.06659151953897213 0.5994599772954747 1.079089407496737
 -0.08546065302946748 -1.829475879259358 -0.4345559803616348
 -1.067565085898271 1.659001060473444 -0.272748768378966
 0.7102651125389778 -0.02939026455740357 -0.1778594828080042
 -0.5882063320629041 0.2162192847932309 0.8695003935384791
 -1.071538239364822 -0.1883100191395071 -0.7360965915842452
 0.5923014935441273 1.243340593092081 0.7495895061697606
 0.1193735819395378 -1.315868392074655 0.8997624943706568
 -1.191200021965344 -0.4706390329239396 0.1944999286898197
 -1.222456812225546 -1.278476128354904 -0.0145367733745736
 0.3275856169641629 0.09989119830859527 -1.391749580131407
 0.3242022748426447 0.6800495401572504 -0.6321623316448239
 0.3777524648458876 -0.1017510092896929 -1.249516419685308
 -0.7606075176301703 1.045143022928955 -0.9538169371708587
 -1.339424753430685 1.396491508812054 0.1922708451381658
 0.2325285536612869 -0.4262777568349969 1.526608173788133
 -0.3030731623494864 -1.135130530794838 -0.1978797505285044
 1.103229150378625 -1.362631345662538 0.5075605499600799
 -0.1210781667771659 1.728052648650791 0.2251969358974062
 0.05804402543349685 -0.6479660690033502 -0.6819049818576535
 -1.436542706113294 0.687796038866054 -0.03573679698081
 1.225549124862406 0.6699512965458045 -0.03066759589753665
 0.2839615188917466 1.552684077221486 -1.012601818436457
 0.1853991620920437 0.953761026035806 -1.679779590957376
 -1.16055793896453 0.7601534778438195 0.5426501881152901
 -0.05173559228115043 -1.313642452170068 0.3853479789199383
 1.416981570741354 0.2555921194444561 -1.284483608306428
 -1.435764497535835 -0.2949987580299387 -1.155900852816505
 -0.5291050316229817 -1.32045061726874 -0.9900560901958284
 -1.232987619110469 0.1739836177135365 -1.376999109721033
 1.179669408333116 0.6783548355407323 1.173287434248171
 -0.6332306596630233 0.7270479298655359 -1.67831243138021
 0.05040080122699475 1.637316693341002 -0.08250597707454133
 -0.7046319958815916 -0.5628121246976112 0.3070371657249074
 -1.091742272368998 0.8359583693316033 0.6396513174706429
 -0.2804085343532894 -0.02508763854225404 1.812486593256933
 -0.6358032288505735 0.8999547756377173 -0.05293013137721059
 -0.2161592387751112 0.4542970031846654 -1.394121946853196
 -1.103339730470724 0.9195776585485946 0.2575146818807115
 -1.025641372532766 -0.07988469799883391 1.58206223165501
 -0.6887713716970951 0.2104669632775629 0.6727071078619873
 0.5983034128052496 0.4899884165951498 1.461904378924337
 0.2653224863251005 -1.09951583545258 -1.312814632901121
 -0.2972831772560871 -0.4779460884928859 -1.915365989209039
 -0.437120268926291 -0.671567482661344 -0.3810512529996506
 -0.6933093970652544 -1.336539251587009 0.2171040119165735
 0.9662417076039547 0.2367041323084091 1.508500250399547
 -1.692908280943082 0.01155424560096652 0.9396146310061888
 0.5797764861700223 -0.178068210074408 1.660471499299559
 -0.1169708727380072 -1.053180535057277 1.689352165081927
 -1.604646690089572 -0.5939487672563823 0.7604972198278528
 0.3255104489567979 -1.130931144540831 1.042271298735761
 0.1123412376269401 -0.03811730480164477 0.3851521105296274
 -0.532666822674867 -1.080359572811058 1.207916558902008
 0.1608829866178483 0.7986698830858714 -0.2143493370734662
 -1.747015244335177 0.2980800512123665 -0.6760200548345165
 0.04391276377804942 0.8685534787498304 0.6262043660460677
 1.800878508999207 0.3400167210216609 0.3068183515330083
 1.179759349228681 -0.2908346105286264 -1.197927661184965
 1.778190971782011 -0.8399238073620572 -0.3185024091122093
 -0.450300956547159 -1.296443538268492 -1.395771790443503
 0.6092318991049326 1.603999199804877 0.6541747665386377
 0.5572297448562216 0.5982968989170776 0.3103384921642118
 -0.9164950630020854 -0.0192335833315791 0.51645533623471
 -0.2354199323703192 -0.6556284955410614 -1.54918809238124
 -0.3302003550839185 1.003988373104249 -0.01983379975323385
 0.1053325059729215 -0.4484274442950709 0.8704117859474825
 0.2344012745193829 0.9302855574993445 0.9923671322178658
 0.1286719816447492 -0.7779263744640874 0.9375491381232166
 0.07324614630847703 -1.114983047005879 0.8755300780161037
 -0.9564145322741611 0.3824662782849342 0.09934807792972888
 0.6153076436259237 -0.758818783278665 -0.8101719125949927
 -0.09594406357315255 -0.2106729707726107 -1.878535638338761
 1.842562546938743 0.5684381004249373 0.3669757161487226
 0.9134132030921824 -0.7183943953381917 1.00578960528532
 -1.849944753906246 -0.3767016505390182 -0.3840126994192665
 1.378008813803529 -0.184077373634046 -1.189279200151771
 0.8174569077218994 0.6006165461967288 0.03469251621061886
 1.216527310752366 -1.175415198329279 0.5995587506394688
 -0.4073625610005986 -0.7718791990480856 -0.8037356484552134
 -0.2786473710458119 0.6552870577462628 1.072934428541327
 -1.258713598954095 1.186761371879228 0.302715454053494
 0.02475318427667927 -1.061166282979176 0.9386786947362618
 0.8270413250088997 1.068385764197731 -1.034409349858403
 -0.6170641342278145 -1.750430951292132 0.06997152193930578
 -0.3759733880812852 1.163471447905074 -0.9829061336411165
 -0.272326474020627 0.8606293555708646 -1.354150964927431
 0.4045796830001525 -0.5761541730629693 -1.560370541296307
 1.435003640051357 -0.8113668135154015 0.3710178001831683
 1.318741157378229 0.4773660522301464 -0.4496439987214298
 0.7691966228787406 -1.094200982302324 0.2457349236904758
 0.516908978763801 0.05297523323018449 -0.3135742525518419
 0.2030530937195976 0.02405848058187487 0.06317180119906851
 -0.3237757910537924 -0.3283545063823781 -0.9512320386810715
 1.145032147041629 -0.4925995309340767 1.25900844432921
 1.383039768352079 -0.6254876311409807 -0.8171877298261945
 0.6151611285789098 0.2361049090570297 -1.514963566632015
 0.2593705683779053 0.2479404597464261 -0.8337416005073404
 0.1456773795454094 1.106076211174436 1.205047233963459
 1.157848298632632 0.4590701998849815 -0.3515621820957018
 0.2474656239016717 1.773350379011693 -0.6755727299713656
 0.96596184940223 -1.531848679036318 -0.1203418987712161
 -0.09459314773393834 -1.186844307651801 -0.8560782759889369
 -0.1223888302616147 0.768966620683837 0.08642613201228277
 -0.1224146677995221 1.443436779382055 1.17293490759703
 1.220183652530488 -1.235208901408269 0.434421369873867
 1.580556835410088 0.2876088134608019 -1.150047138960407
 -0.5625132814569846 0.9239857892344943 0.8635644748032445
 -1.254947667651247 0.01698692593783901 0.1559847376600469
 0.3894655057501217 0.2749070528592616 1.389539437056089
 -0.4706233144989154 -1.524156610029548 1.105484156407318
 -0.299929085363239 -0.3567211950910056 -1.179284072818032
 0.5161780830342866 -1.379141526903496 0.1910309265475982
 -0.1708912156904312 -0.4473283798023442 -0.6041945466109782
 0.5100614812036395 1.402186701021927 -0.860922718901252
 0.9987187813937801 -0.6266508489081446 -1.427011140985216
 -1.45216861721058 0.2674087522989548 -0.1331029464064251
 -1.130590834625388 1.125403428056763 -0.6455659022290179
 0.09972799658882181 0.5274383313590767 -0.5404486942133591
 -0.2273983412164158 -0.5939719619414288 -0.2734619711807149
 3.328998598387999 4.622058926280057 4.042728855988406
 1.917918081464821 2.03970542460653 2.91990933890445
 4.464028790052154 2.45477339222573 1.944153385773058
 4.36090227241575 3.797911538426157 2.331558787084707
 1.83295163210359 3.472271345747548 4.529224564677691
 2.924181121674595 4.013294677165788 1.89098450037199
 3.100895300906168 1.061982212778814 2.962496759119721
 3.844028448701332 3.790179054992362 2.429568919380276
 2.349446669172275 1.797329599366162 4.206114758033253
 2.06546619169243 2.207762395866234 4.317704389381346
 3.557819467103879 1.417207223159105 3.416405092379121
 4.283951151299892 3.496215583072326 3.789817122738071
 4.166079651515 3.580848546199531 4.509219365888527
 2.481012270789456 3.308503683376273 2.652583255310306
 1.418186347729382 1.924321640060832 2.581999883463121
 3.386424250042615 4.213745855279559 1.92752456965296
 3.402092681808159 4.095618297962904 1.9464168934866
 3.253384928500206 1.867596265609602 2.338164245083691
 2.298365865964613 4.130822088470641 1.883824389684765
 4.371375931781806 2.23717130346529 2.538992719954242
 3.799379874582971 4.14688616834823 3.417392411858714
 1.26198174938694 2.347964560843943 3.623099354644313
 3.026780704509735 2.728635731342076 3.044311244477306
 4.296272215629134 3.301064971832813 2.193211137767221
 4.025385477947889 2.256802044791974 1.90029827280261
 4.032063068609164 4.350095063951995 3.171081913727988
 2.186865643646852 1.807186878562315 2.105187562664065
 2.969919652265512 4.791512758224276 3.562988431646256
 3.991162067075719 3.450205358744824 4.178506054806585
 2.937426539231893 4.381541943391287 2.752845779263549
 3.604020320344186 1.275524693703327 3.131806290875945
 2.265634806422691 3.224352587783183 1.458659884041434
 2.66446263836002 4.642827771093021 2.225173770342693
 3.04758958474296 4.392958030666358 3.997794846846456
 2.404224100435453 1.388875844634266 2.396933031940571
 2.163187365556768 3.526198838563882 3.502236895269473
 1.885807075512061 3.635198918438592 4.276783142845521
 3.287581666040945 2.881404647805809 1.087746841252128
 4.559579910662745 2.629369391945086 1.812069123056923
 3.381940545697552 3.120029597792822 3.476749919794677
 1.797006480215317 3.005566746292572 3.302289177990031
 2.815053574915316 3.573083940661417 2.992175460337334
 2.587495064599526 2.577058619049125 1.832079989949397
 3.171686101392552 1.295149227685613 1.993845435851292
 1.919980753602718 1.998876242106119 3.25809305018752
 4.635326968827929 2.473177695705495 2.209265097375717
 2.988675924698796 2.166557692879501 2.007610963393201
 2.102594375126059 1.994705041865325 2.741414496890909
 2.708254130224115 2.052525806426477 3.437388634323736
 2.818962672034298 2.141348926639819 1.488291973349131
 3.866576679412973 2.875701064184263 1.505598949069997
 4.699695673495089 2.508245701135285 3.790419555007158
 4.675967328157673 3.905696997259221 2.776516415487023
 3.109258534671862 3.061045543898961 4.610276957031273
 3.803217194548856 2.015318415683742 3.493050023435434
 4.357577688605999 3.816001759383443 2.877920449114358
 2.208801750640788 2.722023690663977 4.633855695520666
 4.63532782359519 3.694898487099201 3.577276469148772
 2.78470870463277 3.932409201290467 3.54661137821413
 4.517063376131039 2.217981672166038 3.790590457102669
 4.276942499208776 2.960541413351287 1.730101893525645
 4.064369974861221 3.866959969983564 3.686906885741602
 1.726835431267503 2.997339473969111 4.053515407848931
 2.28358779380544 4.113060665487538 2.6053336882716
 2.107671813863939 3.282354379105171 1.649528129905968
 3.013786743658744 3.960501882505795 4.320625636325328
 3.901489674345731 4.580774948002475 3.376474297893514
 3.99412985375158 4.492124119891945 3.159204225011019
 2.194913369781499 3.744739452829408 1.999773914538355
 1.402847816300012 2.483118137421448 2.461384667154592
 2.534887990770578 2.215314769944309 1.332804669152803
 4.415186749486979 2.535522666725273 2.303196730685
 1.865689947193643 1.444082614705986 2.713004528676594
 3.266894052296153 3.158602865821091 2.849771926810893
 2.547797125801261 4.61464474405345 3.926620784305399
 3.537637751125864 3.071724203427525 2.963136142058733
 3.183527550494452 1.201549878648486 2.422818355609714
 3.805603946846499 2.65683296186017 1.397314437650027
 4.024063251781095 3.578482137597631 4.124804468957793
 2.5242749889337 3.618109576118776 3.950699829939861
 2.017751703193129 4.66410383330655 3.312535912744194
 3.709487263220472 2.656120991567673 4.569376828529453
 3.275344286423046 3.823548172049807 1.872114845814929
 3.553096714585518 1.83232124170179 2.036264035669841
 3.301409823311422 1.558030036858699 4.0270543087835
 4.24808474914188 3.897924260524935 2.738157936417072
 3.325277628201453 1.713094150718627 1.855350031604426
 3.485512218502886 3.801530954952125 2.21869995297173
 1.169114175332896 3.526528884913613 2.594932567294745
 3.222361189882764 3.655149913207358 4.153443242698129
 3.191804375917975 1.485510557670173 2.908572489841929
 1.971848092987621 3.730772045666421 4.247288682826864
 3.719258062859135 4.045632472412708 3.145677478455561
 3.145991922247627 1.881860844682709 2.216772812533876
 1.613633929177818 3.691069652257201 2.053771483212112
 2.752247095452827 2.043786708286962 1.332207821190446
 2.783247293281093 3.095817515807848 1.551293961164456
 3.715545387631767 2.387301975160809 2.626960445990492
 2.481887065793005 3.032270102423805 2.851974206046977
 4.753184778620534 2.478329218349022 3.729204208001396
 1.414288302744032 2.830055590634108 2.720176624348413
 1.603029644562561 2.413535994977229 3.669951636900934
 4.01746971150664 2.300021105582362 1.902088776652708
 4.700508472848473 3.772923084041298 3.380779923977812
 1.550771961469629 3.525319247874466 3.671636631137418
 2.167608101928876 4.135953470223285 1.895702745968255
 4.040527255827872 2.882981764643774 1.656380382727406
 1.634012633192733 2.737098102574679 1.577447721871832
 3.935265084269638 2.318823448011305 4.342680278284968
 1.759416017065014 2.749839185629885 1.910818634840583
 2.18336130688609 1.444601914589416 2.682169518753832
 1.551068898016488 3.819511930252189 2.676588723308669
 4.74810063786256 3.194765024969459 3.492493728558373
 3.723047016543853 4.489368791114694 2.255153681722245
 2.512558910068677 3.436751745873785 4.300543579796883
 4.319525645102646 2.722831922596265 4.285870710235093
 3.495279661493364 3.419103412893838 2.805597746249503
 4.344519746149645 2.027372156667497 3.02572033028105
 4.62353358910636 2.117429921145404 2.746804202472534
 2.587531008482897 2.900941296320905 4.100477280513138
 3.122916034249076 1.449468006829916 1.862559049684294
 1.977401528738014 1.430634053142031 3.191206352726499
 2.361227537626154 2.493111526838335 4.820233338905753
 2.409391972518235 3.509821033521714 4.555090720475615
 2.248791984344499 1.980544673648901 2.55831189389497
 4.055924481031651 4.223642681885538 3.819097420299661
 2.718480537175504 2.356053474351615 4.051842888878115
 2.896091075237033 4.183808685042284 2.014081217687008
 2.385505290340364 4.592156066653422 2.185389473526193
 4.241910176407076 2.301881528203275 3.996748375590507
 3.589757928695208 2.787467391334605 3.230095262701982
 2.605987312285461 3.590579335996815 2.510884615848675
 3.920801793991927 2.726807535781965 3.301931346561889
 2.153094086389793 3.564812708009468 4.438192733231512
 3.287638038939303 2.688836254349228 4.418776176426803
 3.755911006195249 2.149535897449478 3.00252938154513
 1.973512042464704 2.773570820557575 4.303548074722661
 3.52720170237367 1.878383227687354 3.441065426514032
 2.915956949574555 3.811521016442092 3.717234635845738
 2.839697154922235 4.617378645496242 2.865646413903645
 4.033535863944183 2.240407102037156 3.077070931100605
 4.496008612969398 3.631894214701814 3.630349987072492
 3.586028007292694 3.180641941332836 1.154656573063098
 3.398383265215334 2.762421211000104 4.239317149645601
 3.181490035449394 4.813225422910563 2.896691947163283
 2.992549421817809 4.095758171559535 2.567164202583742
 1.612829415874111 2.705277430888041 3.778069922261734
 4.089270866819974 3.83052838408473 3.450734011973148
 4.179006014630392 3.405789066242442 4.18135906473764
 2.46832343059828 3.526332039813998 2.965242200514353
 3.839023910609044 4.366211567493984 1.824952405200744
 3.639262089178906 3.909211018357733 1.83822365194899
 4.496541070467047 2.646632297509651 2.020252891708944
 1.467863064989075 3.972658068538772 3.824570668528735
 1.379933559822789 3.064380524462388 2.955264169481948
 2.572058334374444 4.169202934047977 2.399191723372186
 2.446342769907468 1.48891561584735 2.019886894366878
 4.267811311786905 2.09682403127199 3.227827540743814
 1.888301661236092 2.161176793633825 3.840149176400592
 4.03370761213112 3.908471587626602 3.271593030641276
 1.2767526964247 3.672042326026265 2.97786078181574
 2.799725893529131 4.192890208987203 3.980353778117264
 3.841531251673631 2.479501218110177 2.861705600821252
 2.064174017266426 3.009629362908624 1.469314515523427
 3.447081676438123 2.559554149110985 4.004344301591381
 2.855917428210402 2.644115991900646 3.889645527474506
 3.876179618663781 1.697675971052309 3.174774411491969
 3.817850418941345 1.80823748448562 3.9864079238808
 2.261041099715121 3.824362248142976 3.780193405791711
 1.857739225253092 3.251952552433798 4.277843919333973
 2.142947904247141 1.612689564200759 3.630292680032243
 1.224626725550443 2.703768811867987 3.816407867607055
 3.232868303500116 2.343606892562677 1.526342812252034
 2.824643443979349 2.172461011039522 1.428021755680056
 2.243116587645648 2.309604417408528 2.899098155290289
 3.317737713957915 3.779554858935881 3.301635038489551
 3.752719540711083 1.942668888431401 2.788271749371009
 4.210848401898502 2.327149159891631 4.217986438799461
 2.489034053606789 4.873063140352868 3.026358477434964
 3.326731225157855 1.68090494517916 3.259074115878233
 3.732201700464003 4.676655583547083 2.518152540560654
 2.966718929139037 1.57176791391912 2.01805075362476
 2.046518166257695 3.029690220600706 4.714990545593762
 3.362669441422916 3.242321049176055 1.565688426741273
 2.846617818021266 1.7544156314221 2.935256771426805
 1.392172790013748 3.329512158970916 2.469169313284136
 2.608661548483619 1.648725860879184 2.910224780925518
 4.264888024585204 2.17811710927894 3.974811463430926
 2.988546590684454 2.506444407360783 3.301196989838661
 1.68513423946778 2.85507776668043 4.441468344447168
 2.538344705441145 2.155486772497531 3.1503988458103
 2.484827865340866 1.126670185002404 2.997101070230501
 3.368894386947175 2.691820581789893 3.115094697686305
 3.718956504202226 1.484258174180761 1.970014051931044
 3.571509729343608 1.851467474951733 2.821382545538531
 3.47640365543828 2.000945061281834 2.028354407518644
 1.727387850144183 4.116420271277755 2.128599554017284
 3.828042546218196 2.022745078779841 1.884373200823319
 4.11249480124402 2.743885013619246 3.442163602619456
 2.251536687966756 1.964053120264928 2.813573376738116
 3.569286467390293 3.655483477926037 2.606698843028751
 3.488453754012903 4.556033265365658 2.501514092147083
 3.209881721700787 2.211325377507812 3.486527393462142
 2.510210049853967 1.715950258526284 1.641868383629438
 3.013733994551581 1.605092952323319 2.691328877261325
 3.130041622309139 1.57978004759132 2.158646816282994
 1.803911195659821 2.189163341976169 2.856575189578313
 3.082968209951526 3.285935845480755 4.116420992653293
 1.619552556976773 2.392679738137998 2.151972012371029
 4.346899581949705 2.840737907084829 2.767922035702276
 3.905782476995214 3.865985060677328 2.622440404570563
 2.450074597449963 2.822186744943138 1.130282745202535
 3.417540966783907 2.874120158820702 1.483087933899262
 3.678397197873675 3.717687413936062 4.51657063666428
 3.168576044330095 4.175945883906088 2.938829046641953
 2.034449630886683 3.094663090964197 3.472014270539829
 3.814606574875005 2.632598429350525 1.341399609025318
 3.932486488695363 2.133523632624469 2.715028215061857
 3.469093111806972 4.196981133709103 1.999047227010363
 3.154844747708456 4.24044363358012 4.400714982904275
 3.560634940700866 3.259504425227688 1.928645888520038
 3.597705535654428 3.083052103534337 3.551664650762775
 3.386699544294456 4.211843531803383 3.815296980597902
 4.75672256700518 3.605192494220554 3.51249893792691
 3.05079610724983 2.452944951317496 1.565510747285681
 3.26485634159362 2.202701718661762 1.799422323741954
 3.398098567550042 2.831980406620367 2.448782507342077
 4.159901091418335 3.817849978650266 3.119027213551655
 4.142875206357995 3.774171133701306 2.891218612509991
 4.206120438041449 3.075132252594224 1.466368679553584
 1.717930315015322 3.028179420563049 1.838419046070314
 2.89621066268859 2.996823295874601 2.597083588350366
 3.821822519844592 2.846907016790205 1.262667852961489
 2.556784573158668 1.076861859906883 3.305506097046945
 1.456222970791716 2.095980556775735 3.470866286723537
 4.163739738883409 1.487504613683021 2.87237915625433
 4.379415110691047 2.728870248767868 4.363769413113147
 1.779662748182741 2.887607158244419 2.69259319844106
 4.968187786980319 3.151082089657455 3.252449659904937
 2.981905434281267 4.268310018560408 3.542001488403676
 2.099128411884483 3.423555683825801 1.699699345370202
 2.889705906387254 1.733800753152906 1.685826731911362
 3.20414873335643 3.278230968030384 4.28011993965513
 2.083886934573591 3.541459919350441 3.646890946371772
 2.178215108647641 2.874946871566362 1.701554136345505
 1.812432674816013 3.202508157384053 4.493668509786424
 3.814511195820973 1.37357694962606 3.142163127935651
 2.132028336434892 4.499817527502568 2.269635405947145
 3.443061764600235 3.655818637623938 2.496074495942715
 2.624416459910202 4.199939286607685 3.921765227545363
 3.175237770868474 3.014408094066836 2.792456440307829
 1.539388145177086 2.425540220904275 4.157742433470085
 3.901460169641131 3.155477577230754 3.176912273129441
 1.671504299586157 1.538569745932318 2.932378586331918
 2.955608123064882 1.46579927799573 2.133365691726713
 3.356264074941413 2.180780976617167 1.918581233865718
 1.16377979724775 3.742261160163408 2.905326799530352
 3.120927652390189 3.517118322576224 2.465357297141323
 2.614197740539655 3.649898302047236 2.658708659524142
 2.174452416458049 2.256167075034952 1.510944007752137
 4.670660366188653 3.243611878574876 3.273248660995025
 3.487138906055001 3.000925868839473 4.308585248451343
 4.262501750903557 3.062498627182184 4.330177035737798
 3.474046581900446 2.701359502656571 1.094154968046731
 3.345446586239226 1.41803928896426 2.539588184646912
 1.961747395822273 3.357371355578633 3.513091917853145
 3.665581263082173 2.75034814562354 3.933210674809406
 3.125798172813374 3.546161661788362 3.583318269798045
 3.622952250970286 1.966282058700622 2.58583652727215
 4.193691728201204 2.068861623860911 1.851038502755766
 3.749581262389826 3.853663040725108 2.492644121716864
 3.796425942006514 3.396571959743852 2.155288302519121
 3.368493413581966 3.948352977584712 3.317518672847474
 2.262681570679961 3.393822399774769 3.011910215764008
 2.341481455626969 4.600662949680045 3.81502601517507
 3.865886685606018 4.475982209382579 3.49427358728566
 2.300578925246167 1.814162824055024 3.956713882517631
 2.816036633574933 1.735335512695484 1.60171535086393
 4.308676141686888 3.463443617169899 2.065864868697032
 3.263088637972017 3.374656680625015 3.59988689496365
 1.922404298782466 2.571975930989718 2.063149873670858
 4.516625070355655 2.287128712583543 3.049939471414274
 3.757282425715944 4.686013221224851 2.991836213851514
 3.704326870070527 2.771723758300591 3.463093652678268
 3.804625927270219 4.2700379469604 1.822661342754603
 3.183326716784871 2.885194403572411 1.096632747209618
 4.312090764978977 3.349273751167209 2.576152398536899
 3.556685366965874 2.526627245388804 2.09729598705989
 2.795929639594175 3.244495746447838 3.594748645352475
 2.38406913996955 2.913517436610728 1.562433208151869
 3.83987774245582 2.996353679647663 3.301274842167091
 3.489063118266408 4.869377521785993 2.649678984060412
 1.612218293457018 2.48183271348781 3.425763444014924
 3.662249590526881 3.838375027755851 3.611629410660933
 4.270952621759969 3.402003930417298 2.473469777107937
 2.219561086242563 4.336869653052512 3.616093842898365
 2.032460287640887 2.740182059491945 3.04755682556714
 4.340730945782379 3.14644764793492 4.213503565049947
 4.475262124687282 2.094139686171661 3.255023681260219
 2.15124274413444 3.893445199760467 2.934883001355716
 3.09328079445363 4.66408039684436 2.507500577925563
 3.162425126963925 3.908054874516168 2.127823341711901
 4.783288277248365 3.257002294492502 3.215911253266588
 2.490219183604018 3.250629741443889 2.150463539064576
 4.141676817794773 1.663054442810752 2.519250735566029
 4.671479633825517 2.089781388470161 3.306766807554916
 2.545705478635955 3.32488949855808 4.544874774872927
 3.793942542807724 3.401403984424296 4.583310534655302
 2.789506352625284 2.34996220375964 4.726519711602693
 2.377352276353935 4.43088543881459 3.077314149176697
 2.751010293059339 2.107393585327499 2.240583241129747
 2.973090585027536 3.223543812925097 4.213195012982878
 4.335814457061954 2.778145477234961 3.172207089539844
 4.308029723668858 2.495001396022512 2.089708455085068
 3.798499423730862 3.819445001065444 3.340770916564261
 3.068784271544372 2.74438203552263 3.034253434203712
 1.565920833275596 2.46184381212987 2.838321903845641
 2.28673980951477 3.372822580484096 2.94259438649743
 2.201097706896604 3.511882236441725 4.583580053731531
 2.092023567657989 2.364453407718704 2.179931206961108
 3.416903295350709 3.048632394034909 2.174065620259827
 2.066469670026119 2.416038637507269 2.7415423041991
 2.29675969859725 4.293942038344458 4.037769761338048
 1.961024569837663 1.743434253047112 2.076428467221284
 2.162767052473537 2.329034136451107 4.579777115094909
 1.283999155463141 3.625998916245665 2.611844589935609
 1.232986113619253 2.25757442589047 2.73275489413477
 2.685833457024852 1.951310461089193 1.801639325404504
 2.869597266750072 4.810233236624569 2.460291597310956
 4.029333329904968 4.067514627934566 3.119346653672843
 3.041644308364409 4.267931994210349 4.125719362199016
 2.640417632195753 4.293506003632377 3.73516031568521
 3.145525361874954 3.006797523032359 4.376291588317056
 1.553623930389864 4.027471604093412 3.042769067935091
 4.3579817252689 3.93931973036619 2.94030715572605
 2.01627499676076 4.312478735081657 3.941911059855279
 3.21388442323875 4.51949549029245 3.421552367233999
 1.529066033695275 3.487307307032268 1.799592816615653
 3.04260798934185 3.349571754978369 4.596441859144011
 3.174364719815664 1.913979283787692 3.710816542828044
 3.131319866103193 4.402850982944434 1.99921087380777
 3.247982636714585 2.610118593321223 4.91138962872454
 3.424621941454062 2.374106459611779 3.688924806632427
 1.744457690303597 2.415260943677322 2.924643822073825
 3.162010176429129 3.267923224824295 3.391791029373719
 3.202733576916346 4.257446193537875 1.704798640173856
 3.634568344669586 2.047852080494446 3.886771566873217
 4.080232495981883 2.181347743601592 2.680883265839574
 4.906506715796771 3.03786800297973 2.571919294999737
 1.789704739770575 3.93753897173209 4.025848077492538
 3.500525350730435 1.899281770859127 4.010307338816484
 4.309668330883973 1.563599610214869 3.022179299078732
 3.755959584373351 2.031906243643203 4.535479328849954
 3.281901099146944 3.405405985578543 1.373258391659544
 3.992725448746365 3.140905888205155 1.89216155492178
 4.291359654236208 2.673655176985839 3.370215258151996
 2.717462943993146 4.43522130342785 3.433957645367387
 2.567188170588326 3.208162636831277 4.471118786599962
 1.208702272905621 3.555925159067552 3.430691720128927
 3.173232016980571 1.708525077325214 3.669529532323004
 2.310767632078742 3.28178681619627 2.306792659374998
 2.133104302946728 2.667144981238911 1.335870791325664
 1.64347573959707 4.089393205732422 2.424103224038417
 4.281252569206847 2.907509879579399 3.248382114336803
 2.823184049547439 3.915276844773405 2.978077759535041
 3.013076642528998 3.270020543782217 4.21199747776515
 4.385839167404908 2.853220151848181 4.026779325633802
 3.192974273458287 2.271423591690922 1.322462919263164
 3.338198485574115 3.392163307876495 2.66119185542439
 3.249751998536314 1.217744089039744 2.268717087581305
 3.261099038486055 1.923912684328771 2.993928142988863
 1.851641901761478 1.954834767611729 3.126180905284949
 1.392555144483235 2.444788705873494 2.228706204500729
 1.553373055113442 3.262529916506722 3.25655613668367
 3.411769135094394 2.368828353704857 2.973365793649578
 1.863692836649792 3.341755554395266 1.718688053109566
 1.793861602527266 2.974531264391556 2.543817235162925
 3.757763107808391 2.815976322102836 1.33059169327471
 4.807674900916477 2.998895270804614 3.039500806539814
 4.041247913519426 2.478493143658493 2.751301738001903
 4.089210225460366 3.588243960301058 4.299490886406794
 1.498178130607227 2.077917655101484 3.569481054334999
 2.608513838457213 4.156710686130584 2.979536815292136
 1.381331718644715 2.221661197089057 2.94752186236452
 2.881611638899684 4.479946500011396 4.253324664744654
 1.617709015770533 1.579675109422427 2.906259296156184
 3.954478923775827 4.458752093033552 2.999503844940387
 1.855419735766561 2.709563696030759 2.499279698464992
 4.368505226058808 1.60291237947882 2.955779768837489
 3.933260204634693 2.537507274852927 1.402323614879124
 3.439485789809073 4.145875440663794 4.134519720283549
 4.920187567418083 2.99027104645932 3.212403446325465
 1.393245572340507 3.265960989295695 3.316463489687118
 2.289588348557619 3.884061482807163 4.37573947149966
 3.180839783285842 1.242798434099179 2.372708323585138
 3.471410115084532 4.204847007162886 4.436605129479657
 4.304645338130154 3.672369751228059 4.217017309351919
 2.897094193776198 3.763728759471054 1.652348402680283
 3.55732934229611 1.371062527826469 2.12848681107153
 2.277379537744418 1.390069851780136 2.187149542549895
 3.531379952603817 2.664536653569136 4.239101754806346
 2.288936091186094 2.696553830479707 2.869985432498847
 1.595587448864122 1.755024481640406 2.834294213719724
 2.428566885553392 2.530499706799894 1.310416530554825
 3.953486695753726 3.341188845026706 2.38463748808145
 3.231339231209999 3.498073149258992 2.48818594082899
 4.03552316271081 3.06475688898561 2.987680133584299
 2.798197792471885 4.605225765748203 4.161512671102543
 3.995675334957661 2.514492204008832 2.29168417773433
 3.369437620394933 3.633067887817568 3.020287787560594
 4.266287884204544 3.125746539282268 3.792693439665252
 2.643828819368379 4.373545628250245 4.014851667556428
 2.734405234445139 1.084771094095945 3.136692458955197
 2.414292352752907 2.600363658174125 1.56101898917361
 3.69082734423957 3.528438293459614 2.980069198944427
 4.276958545935392 3.46541014649601 1.932306229774016
 2.081215429243966 3.418398218279598 2.923624044721675
 2.256066454721052 3.236237709805565 4.558547205347368
 1.811272474398689 2.53904740765701 1.985126344002963
 2.591546105225045 3.235651095571592 1.882310663035178
 3.437014777812061 4.355731502361117 1.648657487413729
 3.998079854222004 2.651618685316697 4.618205246708724
 2.389698820373108 3.74716975167276 3.728407274611969
 2.777456793609402 2.306640661746932 1.781717631017311
 3.007892812741481 2.27014066873291 4.827711425523422
 3.847531002184062 1.895349495185656 2.289579758203687
 2.976895989572204 3.457879883690577 1.815112229641852
 2.207805170349364 4.339358827265118 4.158098460711894
 3.519178838573742 3.518049201932131 3.886680448646252
 1.535021853330225 2.352035277177545 1.924659358983547
 3.783536760830081 4.680700192948304 2.399135217277787
 3.314256278524546 3.217953227226901 1.939885607425266
 2.625291966343396 3.615350058095754 2.656334395791338
 3.412002102525469 4.40443743481385 1.886390462533565
 2.624005422759256 3.850016360004747 4.746749133226224
 2.272688355634572 3.395079319564335 4.679632039566654
 2.373110010662696 3.375811401948082 4.268287275648852
 2.126654627136828 3.533690529412465 4.477349506929437
 3.338695181847638 3.057959560764999 3.443159477363646
 4.1438669323926 1.681083216606298 3.451108242089553
 2.903444173094067 3.16156989457962 3.175888942460085
 3.056876498247157 2.408970057007922 3.136526103204745
 4.001523753234318 4.580842347612367 3.435866946418167
 3.353249200732592 2.841314218204571 3.585177990488558
 3.181405198143051 3.140721580518789 3.133904317488672
 1.650400617362467 3.496246292615417 2.509552144037558
 2.332183119873664 1.948132690609911 2.295146988794197
 3.778097155645033 2.656002910445235 3.164635292390041
 1.650810255274317 2.667522298653256 3.088521661582639
 3.393927976203821 2.69218601547874 2.643685108659237
 2.465467720742875 3.535879840092569 2.731984844506108
 3.012954228522752 2.188433431099171 4.332474341579641
 2.035351193406091 3.229901329313134 2.532245984191151
 2.946844900484671 3.995006406666695 1.4508655178663
 3.304125652091522 2.404417379636739 2.031222645949992
 3.478123755823639 2.470402646023505 2.481569673909812
 3.123516081698527 1.191870077204556 2.200182553753977
 2.081684351353175 4.389080331719971 3.700410174655591
 3.756384477267559 1.852795695588759 4.1102816294374
 1.577907625450796 1.916151333218096 3.39314243929563
 1.490302615461592 2.29211171641516 2.535900886345477
 2.98126031373299 1.852488630862109 2.402706195538514
 3.602965759791552 4.150756633016575 2.798168384099791
 3.415159679949427 2.239071801778874 1.334221754158292
 2.894470174753618 3.237168551935261 1.560577904462548
 3.135520930115223 1.201007030599542 3.211414004266347
 2.720055806403088 2.32243576309 2.211847334979391
 2.837222789630598 3.732778504609175 2.508451085116482
 4.656983411826345 3.566481622601243 3.581042004248768
 3.447625413004537 2.249319083464034 2.368650613068907
 4.390793977019837 2.47286115126098 3.857081486058255
 3.58642110544124 4.269136003133363 3.661683778220683
 2.847212570727764 1.818656354048533 4.100678802074443
 3.256060263841638 2.799855320608561 4.86775425123496
 2.151982028841127 4.239548340658907 1.883944596544709
 2.672281599771912 1.896492270239255 3.051426787103289
 3.304444468053227 1.733531387753705 3.621829880058433
 1.478298031133903 2.143614059161533 2.683208965528713
 3.926922699284413 2.760417347902722 2.005024622639984
 4.555325820744086 2.665353250488271 2.356976403379839
 4.686073397372308 2.913769629971627 2.056433674975747
 3.193289935049236 2.935620819258236 3.043798027983553
 4.373907163360527 3.43869812499567 2.552400104065359
 2.40176036224586 4.59686014712712 2.548955907005819
 2.603734948222938 1.796482629469317 3.101965085554348
 4.78171961394072 3.393942124435092 2.369759605201355
 3.19911499972514 2.715022037169811 2.824918723429974
 2.916071881906158 2.750521662980436 4.959731457429854
 3.842284976636166 4.668564833997935 2.729340148155499
 4.757778387289452 2.862272638111305 2.313423175880048
 3.989421590496021 2.259085325148323 4.311785332018445
 4.21023641552984 3.837586129109098 4.043625652187998
 2.757621808058318 1.157274153945324 2.47965418382718
 2.032354626662181 2.485563347471162 1.976185626064639
 3.377808815676098 3.691984563613121 3.694689091024123
 4.829564489733904 3.60012329915575 3.106631238968587
 3.388563720806963 4.062467693243707 2.51030952947064
 3.594489881589443 4.179804118004263 4.196755450930572
 4.397914965117961 1.855060767646692 2.190247074541951
 3.7268077698619 4.308836828200008 3.541594570629813
 4.221748172898666 3.150032833217976 3.698998680699608
 3.080073160079567 1.641019620157635 2.426353954478485
 2.135619405215178 2.809474129272335 4.19369448246692
 4.421082994596488 2.382101224493834 2.058795704068447
 1.935825447246988 2.20963873865509 4.376220926083875
 2.071394501941213 1.614847804262756 2.832792593048503
 3.910559861555562 2.371062874382289 2.632890027774857
 3.965919151074484 1.686155597907566 3.932509732646297
 3.678164076960709 3.657410165065761 3.550258084082857
 2.455216465543841 2.914271124757024 2.350058661041037
 3.501082265189948 2.172724486496605 4.291086998511968
 2.394462376628994 2.979147380390043 4.619200878942443
 3.306022528738799 3.95389349799223 3.066063533721921
 3.578487086328844 4.306693870755242 1.604102586490207
 1.998190085313478 1.922768487704166 3.334662631295823
 4.030618970486445 3.154136361509968 2.41937720586575
 3.541027649739533 3.526256072747974 2.802822513299938
 2.269540089674414 3.219055955801831 4.585255221099877
 2.896948481185683 1.808198826991019 3.936260414175147
 3.460079142653568 1.783785483455844 2.45905233210774
 4.855336774523404 3.150970546719202 3.49398275003153
 3.0812210150459 3.098298023681373 3.653383958434615
 2.848041594321787 3.103041125822978 4.616330206924136
 4.007333051461114 2.897156781474673 3.270377885976792
 2.144471349840789 2.667794997914474 2.292357386770325
 3.420228553595206 3.196898220716002 3.940134609441092
 1.837825978824756 1.931888046995277 2.022752240414317
 4.946343953981953 2.702247969098416 2.685200662734035
 2.253352572309511 3.36888430978563 1.668817211240712
 3.964256903501301 2.671199546652886 4.001849134140947
 2.950029740714356 3.052332100887767 4.387362000777188
 2.990834023241053 1.45584181298783 4.218911488331809
 3.180661247881678 1.568587195153785 2.013834305756061
 3.642215549384968 1.957923589656468 4.048377206110986
 4.020066972132 2.823128310078877 2.936615640400057
 4.324447746526823 3.480482388876092 3.223210909328552
 3.390766242234401 4.341735210606698 2.765267712614311
 2.997853797629188 2.652481537302487 3.143842807853849
 3.015647867055919 2.810531063725748 4.325672734859539
 2.340513390076549 3.961829396170642 2.399319641043769
 4.071927008570626 2.210628793296559 4.19100405244508
 1.505536069103776 2.796675681366418 3.26806333998557
 -1.781566907203065 -3.833955288756537 1.036619789029269
 -4.013292508301262 -4.364249663733045 -0.1813997335165733
 -2.612588999213601 -4.727141667979957 0.6541129264022953
 -4.284314647538553 -3.846516013908808 -0.03245266898363774
 -1.811819258229913 -1.707539988343464 -0.8686807912804737
 -2.753167276371086 -4.210143500830772 -0.4598024370929414
 -3.881620815395089 -3.610881346923176 -1.36805781072023
 -2.606831899046727 -2.285081068216165 0.7885492197950472
 -4.54686293197544 -2.981964335260079 -0.4742648808678467
 -2.737636037410562 -3.209991210497396 1.547421891156691
 -2.791909980813145 -4.495126159494165 0.8438258911954772
 -3.975684326114339 -1.45509423863052 -0.1287845378043919
 -4.029025717653473 -4.4227063469276 -0.5193456600030018
 -1.808531485000401 -3.414523638566105 0.2352739709835285
 -2.079825156463606 -2.311063466699702 1.332410620087102
 -4.154994224317202 -3.204304347464566 -0.1608315247845924
 -2.816208202000575 -3.54748568414401 -1.488019914257221
 -1.352206441842764 -2.24042654995177 0.3184703911468389
 -1.828842263785663 -2.247821995300536 -0.7808308982920666
 -3.804822001255348 -2.883867514612981 -1.602955792750347
 -2.237752345606313 -2.575423744321649 -0.3201584444283785
 -1.68388902822111 -3.194948308624541 -1.407028600693386
 -2.268518517645659 -3.462890516058798 1.12593867768247
 -3.690297426748706 -4.491168719685046 -0.4053005169349755
 -2.43681816216385 -3.251487696068069 -0.05754881713287641
 -3.443090864694033 -2.151336682361548 1.678574831714489
 -3.272740657971011 -4.624171560913866 0.7758695899934627
 -2.18942924288107 -1.482855886120093 -0.04480267430816398
 -3.006602595942107 -4.017966450862426 -0.1876164296093508
 -2.711686171312167 -1.302380369950191 -0.1858071855826571
 -1.390028944650753 -2.474654222390726 -0.1705951120718596
 -2.273826471232389 -2.269704904676052 -0.9992983383004279
 -3.266172389235363 -2.843426494913762 0.09587754093876155
 -2.681287851542271 -3.336978916451994 -0.09941327205339179
 -3.022730359109228 -2.004495713702417 1.488099663957821
 -2.738120545739512 -2.661129635528701 0.6462679244004339
 -2.507161081433387 -3.222998411816908 0.9795042247950239
 -3.853287993849691 -2.680670507475927 -1.260803312151054
 -3.640402124732272 -4.184618850450167 -1.117908832072719
 -1.66611556763634 -3.135901451358657 0.4666864023392026
 -1.743327477275568 -3.645745464820754 1.318735814678244
 -2.508671043684621 -4.473712335353751 -0.08921458547153516
 -3.686020173705565 -3.300237102040647 0.777987560394469
 -3.742840736714046 -3.931735000232398 1.479529937520633
 -4.422904485140457 -3.080021881949639 -1.156020292495188
 -3.319176688003955 -3.01259286557372 -0.9027566102157094
 -2.897665259086255 -2.355196329812429 0.8532882203922991
 -2.492062384028443 -2.919523807389334 1.315061064593558
 -1.681933120731602 -2.760383275730533 -0.3469507696605822
 -2.828810600573947 -2.776096666992333 -0.2335042126928919
 -3.787998958107544 -2.512135802603145 1.49854755066498
 -3.934682782693227 -3.815850110340649 0.8522556679797804
 -1.477124729201921 -2.74404175502 -0.8622834833209467
 -3.02065909227367 -2.805434902121142 1.941152718992428
 -4.757686291537583 -3.577767032754224 -0.6255817497066498
 -4.046433446490471 -2.928642380603271 -1.468462133615211
 -3.104825414245299 -3.594299082414049 -0.1123026409547332
 -2.655444980418859 -3.234026194516763 0.5934397907021292
 -2.394917716590058 -3.64244182963901 -0.2865470114810995
 -3.407091540739589 -2.694547890814189 0.6299776372932473
 -2.458602512962574 -3.730280569373667 -1.055320454934455
 -3.711722604153517 -2.079102641387782 1.509978051251366
 -2.740671278194248 -1.623302783523656 0.2781586698560754
 -2.165998063014516 -3.789762535487896 0.6827469405982565
 -1.91397496911345 -2.982044776527164 0.1409527145730802
 -2.706752045542651 -3.921620906833808 0.02355604385363419
 -3.028643253747014 -3.79045717271268 0.9830247157702923
 -3.676037620325001 -4.711041289313156 0.2561341190931805
 -3.970276850532592 -2.494002040526708 -1.614248870740623
 -2.96006376974126 -3.598363631381635 0.2566779748144863
 -3.825310247177296 -1.391428958116945 -0.5811760457562969
 -2.950115564571814 -4.625652042320905 1.154231692612927
 -3.216483705136621 -3.281041367815875 -0.5349197017195422
 -1.967322531277778 -1.7366638935889 0.005278493196831047
 -3.097580453680067 -1.468966855197127 -0.9744161766999067
 -2.416164419315784 -3.463137070021429 0.48145654199618
 -4.57185488493585 -2.285496357772229 -0.9651061474411142
 -4.700405436963137 -3.142109500383475 -0.05987385044301541
 -2.096088764356474 -2.823776713281205 1.725993630241793
 -2.807212143724566 -4.758407698439367 -0.5170859974907243
 -3.75184259844036 -2.022590070545657 -0.8612470893124973
 -3.611171318474786 -3.12701004407813 -1.622605713326482
 -3.056472400157757 -2.001969871638628 -0.2755123853720478
 -3.514494581539721 -2.323577310066707 -0.2876470505171735
 -1.666001609471985 -3.542347452875676 -0.03856354358701819
 -2.805777407081107 -4.393498809279828 0.9896907614662349
 -2.544486717348389 -2.559519962104774 1.323235926118649
 -2.953767532798771 -2.138032780792035 0.475509706922193
 -3.358957236488239 -4.197899746309731 -0.1232571964505527
 -3.571468110782615 -2.536451761205307 1.195269961523443
 -1.82733003386796 -3.277247434150015 1.016856033501646
 -2.259983498734859 -1.832270006933373 0.06282757279552875
 -4.567934209618302 -3.910025086046041 -0.4029306673811595
 -2.747494324211654 -3.351389055561246 1.49590841007962
 -4.089441929512706 -3.407328196833287 -1.076664412394729
 -2.738246917809491 -1.302236590023316 -0.2358042037139534
 -3.182492032057131 -3.458133571942999 -0.0242760472390342
 -2.213859013092113 -2.366873663684954 1.611665022495613
 -2.433245915204974 -3.393246048698863 1.382291109981323
 -4.045313673190393 -1.353499126466662 0.2717656823710266
 -3.434344617039384 -3.247766460664562 -1.180677030243797
 -1.965946467371279 -1.529430528567355 -0.00764533371002396
 -2.180593547792586 -3.994671884958996 0.3624250648449303
 -2.556307639362404 -4.840322142752732 0.4493511486855302
 -1.613726512347347 -1.925249853208865 -0.7812739402611137
 -3.062150058275418 -1.679606800172769 -1.242246156150643
 -3.598108418244973 -1.556886579972163 -0.01197139657609747
 -2.824088784292364 -2.634715466997281 -0.270194150249383
 -2.104914750584771 -3.63202952293288 -1.538310343308606
 -2.96229442609684 -1.44008857506288 1.177442703474917
 -3.241651287188308 -2.523629067589872 -0.2113697176874851
 -4.24988910310033 -2.050418305465088 0.6103647872700972
 -3.223233398742107 -4.195015518874191 -0.886262940684228
 -2.514802332085062 -4.009738196741534 0.3019138088919404
 -3.68778796985839 -1.312756626435381 0.7049572901763068
 -3.864619708424988 -2.820446367132278 1.632813759975559
 -3.225097019913643 -3.644994477749721 0.4081068372715762
 -3.504459689432095 -4.65567179838297 -0.4460783277407352
 -1.583232066589972 -2.113541003817468 -0.2953405332832679
 -3.920202875025793 -3.410572041669067 -0.1799179143080722
 -3.836534809248818 -1.675058497142628 -0.8937713293200436
 -4.741193842969034 -3.806809235266685 -0.3954437807575737
 -3.032234656853767 -2.013112288240973 0.6614934633009097
 -3.012843867316652 -2.877405469159144 -1.920612221561042
 -2.199662500696275 -1.591499959263477 -0.1717207967161667
 -4.419232421837007 -2.329483403359315 0.7827494611667003
 -1.763187440150827 -4.18779124505549 -0.3725544072088096
 -3.591204967986563 -3.44337692708859 -1.016597801752839
 -2.454560938205899 -1.147012764763407 0.3639884046774116
 -2.089977152169688 -3.519920104359608 1.565149526774388
 -2.731528295454358 -2.602227685176757 1.643540440005209
 -3.551241197877712 -1.538809242581025 0.5713484179884207
 -3.400333928473424 -3.156380121932906 0.4161351067165104
 -2.99069973801201 -3.955419275972734 -1.257912721472463
 -1.942259636800366 -3.821013134633625 0.4960342780925866
 -3.396609662347316 -2.612231928795573 1.005402009834055
 -2.818135741342718 -2.862719424741464 1.282271630837798
 -1.692624937666799 -4.485435582075072 0.1960974895505387
 -2.367051761337938 -4.359800626735455 0.6112235182555654
 -1.440378421660809 -3.126626201405077 -1.235117305511979
 -2.744857076251471 -3.745960549286383 -0.7870167193359825
 -2.910482057080649 -2.582542870885265 -0.08554658043270824
 -4.168718288707014 -3.630106478004174 0.2189812853995776
 -3.430072754913591 -4.032195584905734 -0.7322751988650122
 -4.048478800094276 -4.219044731961819 0.899683971262037
 -2.914158412814503 -1.934609830239045 1.346945139304536
 -4.504526662458235 -2.659809065750966 -0.1749037400829561
 -2.781856546676407 -2.216667028773387 1.312307530674301
 -3.505965516679105 -2.686755131850382 0.2346761839701998
 -3.626688942670119 -2.280826571256283 -1.266492302439042
 -1.261714903726334 -3.087074768784779 -0.7570574723965706
 -2.568809913981358 -3.812940771623374 1.594094056532401
 -4.405457015004069 -3.371450541478974 -1.001835681917536
 -2.384326974402888 -4.208276075783981 -1.355717225195156
 -3.832286522143119 -2.23091481780159 -1.634915632148594
 -2.134315469628013 -1.694045445948569 -1.099416471695261
 -3.269078994937368 -2.391564246018403 -1.038920271411724
 -2.983893103027562 -1.687210875915889 -0.7056909376577447
 -1.824161454687045 -3.362885978658547 -1.3522941527835
 -3.700562935310717 -3.005279566390475 -0.9190962272702634
 -3.101663440822333 -3.694428285275333 1.576675738046904
 -3.325421159956688 -2.962022033214726 -1.153320364451739
 -2.58281013748811 -4.406328441050938 -0.5568273666779537
 -3.057487923527017 -1.161652384169314 -0.09645555985781074
 -2.032964614906437 -3.286870844022919 -0.6046233120852806
 -3.471834468932796 -4.149371031240126 1.150111814776626
 -2.102735589469038 -2.444703195676087 -0.6080855591652619
 -3.674768082330981 -2.940850373808181 0.0357536266981584
 -2.935548809536761 -1.399411994181179 -0.5022893152047356
 -2.881830149704659 -2.532338364183307 0.3274527206821025
 -1.973317374362188 -2.004156614434476 1.14787320158001
 -2.826634631047773 -1.247112269644573 -0.4520764268524264
 -3.551394492443856 -1.607574608497666 -0.1323731869214477
 -2.242435350148522 -2.754500535683728 -1.130345473893956
 -3.191093384078791 -1.659370767896026 -0.05468231441649229
 -3.616010312173134 -1.737202134158286 1.243814498744287
 -3.181293275173254 -2.341926125645642 1.306870970914816
 -3.033960300240498 -4.806499575614151 -0.2996118795312184
 -3.835142910191667 -4.413750880132281 0.8874157758999193
 -3.744082455778943 -3.25038505980251 1.498318019300053
 -2.813839660377553 -1.787546900894494 0.4333025624107107
 -1.875122630122509 -2.300561575246169 -0.1534097210603933
 -3.742543235640492 -3.179158127956295 0.7543819743602045
 -2.853227059471602 -3.17537237518055 -0.9421574951565213
 -3.366860575967635 -2.523937611715231 0.9636927549944954
 -3.144573935447829 -3.694172717738311 1.088468008665045
 -4.247169827520898 -3.157084071806252 -1.020322507444663
 -4.345981532251906 -2.522645536089783 0.4819172996692496
 -2.563022277355063 -3.36955635596905 -1.208780061873884
 -1.96554977235341 -1.480675435836704 -0.2036840761483931
 -2.662249732916678 -1.862971277001852 1.057852114455124
 -3.512477367022549 -3.808440407526533 0.5713068126892451
 -3.319185156596132 -2.089009786572502 -1.305079772301067
 -1.142874109781031 -2.365276102663173 -0.1290783557567219
 -3.873354830199474 -4.03041580029459 0.5208716107023714
 -3.271300301828858 -1.247318274771533 0.6642736647252092
 -2.208016892542896 -3.461145657446114 0.7757274537536474
 -2.609956823906878 -2.66820924221199 0.7320978022268991
 -1.431557515577777 -2.621139724120701 -0.3533289941778539
 -2.870030276187995 -1.541820241174945 -0.4928857454911217
 -3.981533436552895 -3.405462466902822 1.632260487948993
 -1.194152914852592 -2.742903614509005 -0.06377897979007252
 -4.249042094868733 -1.880908496224083 0.256802417169093
 -2.4651400376306 -3.057936870555697 0.5771956880300602
 -2.754344010504548 -2.750178490695137 -0.7842581942168942
 -1.728714125660941 -2.73532768559557 -0.9905707722818262
 -2.043950265344128 -3.77982215384808 -1.443423153810246
 -4.045612570701866 -3.763564442715546 -0.1139826374185435
 -3.567920111642193 -2.550656243876284 0.912256999045939
 -4.140887505623462 -2.328358236744683 0.183601511800354
 -3.300648341065413 -2.348330681238227 -1.798487168230139
 -4.237857031245584 -1.504041531702564 0.365159323879555
 -3.681697579116746 -4.164089901627243 -0.4101182678992725
 -2.99198540612479 -2.409566206995893 1.105485280838939
 -4.837777959551911 -2.933427184298222 -0.527887238682293
 -4.182508179774897 -2.080410664686988 -0.5583027581374405
 -4.237959634583103 -3.067422019030939 -1.063398014686939
 -3.978435304405354 -1.408266879773182 0.1374924482703368
 -2.15348379855911 -2.976372823125466 -0.7162940366795805
 -3.511613285601526 -3.31085749938228 0.3443132382596392
 -3.233525165461558 -3.399061896586379 -1.298022877551136
 -2.269367777651347 -2.940238867300111 -1.477386388906369
 -3.778726047655546 -2.268452803827223 1.285231112687441
 -1.553939587097215 -2.800151910821098 -1.15262771604667
 -4.120122548225437 -3.719856802574552 0.2719383844046859
 -2.161749331266656 -3.238764846068952 -0.01362003551212454
 -3.049802731194222 -2.95845436872336 -0.3078213083275003
 -1.808552879660481 -3.76384041114405 0.85620131198813
 -2.610607857660304 -4.542842406880688 0.6029007899653265
 -2.88848310613351 -3.342905145166071 -0.8375805840693042
 -2.783461579134999 -2.389753441014315 0.2968334256564797
 -2.545804361888809 -1.299531756745594 -0.6612154918199729
 -2.824013506431305 -4.132281777930105 1.432376059113929
 -2.748666640648375 -3.364351497026296 1.94497712369977
 -2.026900006075179 -3.303142008871301 0.07828712259029524
 -2.017568333371165 -2.808673221839775 -0.726733812182782
 -2.970264090553655 -2.238846628983717 -1.506575350349822
 -2.441373950584747 -4.409544085612824 -1.045057042496834
 -1.131985024946363 -3.496741950935767 -0.02253477310963903
 -3.037684163953815 -3.800830965208181 -1.780323275267759
 -3.821385283092261 -3.314429088237761 -1.374859499811253
 -2.264433502668778 -3.892323711086913 1.453154628993152
 -2.688601852057284 -2.353318647331323 1.85417037797787
 -4.592141961692304 -3.999183384300314 -0.04998358015699034
 -2.177599507339902 -3.761263306123757 -0.6030998120976971
 -2.987546531231927 -2.742726064366531 -1.649466392869871
 -4.187506890868424 -2.488894779388737 1.181168230759384
 -4.203460879753715 -3.989114338868967 -0.5620835286715773
 -2.674720451258394 -1.092280350305114 0.3023654307223564
 -4.125121055076171 -2.678862679282847 -0.9185548564775485
 -2.952170938688008 -3.492568691567618 -0.8583432789057002
 -4.362197777739503 -4.120302833632489 0.02862963704866717
 -2.707508618714817 -1.955160152037372 -1.047918775693848
 -2.220591490563165 -1.994872244488775 0.666517731596671
 -3.391787345110962 -4.54678689210384 -0.5540705804224195
 -2.41867242337523 -3.343198496502731 -0.2770556057356
 -1.571612307967708 -3.563831989530502 -0.7046750863874804
 -2.313434156422366 -2.239850693784994 -1.475775358198784
 -2.571280349666778 -2.980535281471047 1.086341082397758
 -3.269257226161026 -2.339541363309351 1.021326578450616
 -2.769942532836358 -2.136938849264122 -0.6321744416588884
 -1.679347020268528 -4.119755366031619 -0.02497610341683631
 -3.837977683611846 -3.933650287871681 -0.4549937761484861
 -4.362862527302094 -3.447849827101956 1.242799206785512
 -2.694477338270393 -3.642937864865282 1.468300811537884
 -2.578064503022123 -3.279705966327406 1.855531893036045
 -3.289562893206481 -4.564643718930588 0.9922108226711233
 -2.589281017487419 -3.050230999978616 -0.2064642487758441
 -3.870564512749279 -3.765295336954288 1.110824247759618
 -3.985544114418385 -2.948076110843855 1.57036535186027
 -2.800761510993748 -4.382648798895309 0.1763101113650998
 -2.627551935604501 -4.258251621713765 1.445976775517203
 -1.376318225281174 -2.87087841081763 0.2592594648551554
 -1.590397832160693 -3.567685201418635 1.259669750848625
 -3.708274426548354 -2.406336804187182 -0.03060931052418714
 -1.941791055340999 -2.144415519077402 -0.01816830343038345
 -3.024282547060655 -2.749426821782345 -1.520297946136441
 -3.870741884657345 -4.577027686678094 0.113269839052339
 -1.700080996176487 -3.200755267836549 -0.4604500110578937
 -4.447050298485858 -2.847869276003756 0.4683472274181577
 -3.475769219811967 -3.600142813085068 -1.447285579936536
 -1.744041506232601 -2.897306076748237 1.333476125251629
 -3.356219233831786 -3.298645793298907 1.279775247198224
 -2.914922769018229 -4.868133434217121 0.5361302169101649
 -3.587468423219434 -1.760015486076797 0.7608966280725578
 -2.504767523286162 -3.376659143218644 -0.7262388474409687
 -2.536853602828001 -3.074016786587174 -1.728075142047798
 -3.843766246650509 -4.44712585129141 -0.8707437439542798
 -3.979707503522833 -3.026118571470563 1.167303094880737
 -2.344951881378527 -2.697349252596218 0.698411376464994
 -1.202909994701375 -3.042469660103452 -0.1832197704744789
 -3.301016222031413 -4.031585667984238 -1.281205126850711
 -2.765064212229212 -4.194971028383604 -0.6726191406253765
 -1.702996952301361 -3.860906513744618 0.9353979872674145
 -1.866152763188924 -2.663513764055799 -0.445618249647955
 -3.640516891055388 -2.263148801529638 -0.7344925048573552
 -1.342749807700231 -3.47927398905227 -0.4728474452855316
 -4.052615094194358 -3.245218848207799 0.2723003954679095
 -2.521521832931441 -3.13397141682085 -0.2808182437435598
 -4.253925028908879 -2.285519957399131 1.233915395728899
 -2.223161534817639 -4.326101588732042 -1.004265397826482
 -2.01003426035865 -3.565999654784184 0.4548331111723263
 -4.088456303870397 -2.139068231223519 -0.2102007699411865
 -3.27927961730313 -3.08281106730365 1.784536222749198
 -1.834724434520868 -2.315652210545157 -1.203333147957103
 -2.753475633844247 -2.871733776267526 -0.1482014745676918
 -2.591796482590924 -4.087302109938508 0.1456394686962841
 -3.570995335411751 -4.735038841106098 0.6668236413972153
 -4.090312137405016 -4.275729648786071 -0.0504683031579336
 -3.480510255618952 -3.102869867616065 -1.011022254698462
 -2.508155665206372 -1.48426103480729 -1.14381356526709
 -2.671816028762007 -4.08237382262533 -1.104341973082496
 -2.287688034230048 -4.694815088882153 -0.1731552047783482
 -2.874602799609511 -2.25071880792089 -0.1640239141414426
 -1.59195701507421 -3.251431906940589 -0.6644540776375936
 -1.394394736035802 -2.481831459971128 0.1357419548368228
 -2.795929371222838 -4.213734074382143 -0.08315852574936344
 -3.272676588837387 -4.440335790181052 0.0684129565752758
 -2.270508881978658 -3.538294106694525 -1.573187949538918
 -4.342202932888413 -2.918162209705621 -0.5525471812643732
 -4.000933638384583 -2.212588399792535 0.9406427863989388
 -1.776170618488187 -1.839374861847578 -0.1559921331551835
 -2.116345976891008 -3.55093367560886 0.1664468208226069
 -1.961222008494617 -4.128994613030529 -1.004558826024249
 -2.048587096956997 -3.686074660707074 1.514496811426167
 -1.786884679896796 -2.419373660254783 -0.4048474390580401
 -2.456494870126499 -2.130125264459927 0.7663388842090755
 -4.106699349190705 -2.64167660678766 -1.393741903620816
 -2.372729476368839 -4.504783810161691 -1.128573518139957
 -2.965458514115044 -3.841421439318465 1.562185152834489
 -3.10921780561084 -1.789096003569472 -0.394107241893358
 -2.074739722180345 -4.578101794929816 -0.6347672980434853
 -2.533191137594649 -3.991507857604589 -1.386933823716387
 -3.355471710592382 -2.33405072465904 1.629186655516758
 -4.28162495676828 -1.552832429610884 0.01374582165309768
 -2.229005649554387 -4.534769809588333 -0.8732415605334236
 -4.6491687935252 -2.096496260416966 -0.1113402169694961
 -3.08189295195497 -4.073806799153219 -1.520384161965951
 -2.845705757178776 -3.247146491609169 -1.618243289868323
 -3.581418356741204 -3.443273022350597 -1.645090419562642
 -3.938835143635516 -3.921587255390077 -0.8170231784771571
 -3.696849500916777 -3.964364666926847 -1.173918040753975
 -3.99364157418677 -2.103624218717944 0.637970885445176
 -3.876984373147224 -3.065362393241644 0.1118243788530724
 -3.762788737477931 -2.897718219109771 0.3948009762266853
 -3.71123827583855 -2.386503325807899 0.6183753945870021
 -3.257371216300253 -3.91879457041786 1.228724340002389
 -3.044521155361708 -3.806043038974921 0.9886274916573821
 -1.422568671308097 -3.133582489891862 -0.1504187967967889
 -2.232516223013421 -2.292111822255872 -0.3194775162463739
 -3.562773574641054 -1.426367270173087 0.8160416168358875
 -1.985495453469156 -2.497786353257682 0.2770588248105748
 -3.363569827192738 -3.254376074119079 -0.8922017578326435
 -1.779966943220717 -2.877477143469849 -1.533827184201806
 -2.657798571924749 -2.270679057762707 0.2394038396728519
 -2.565807291187768 -4.504994075857082 -1.20632083900046
 -2.771670982865142 -3.668416071320133 -0.3097535068099779
 -2.323246144671293 -2.985631517431973 0.2576363411577804
 -3.310004855485129 -2.238019243840239 0.5113534242485041
 -3.890289100096599 -1.361385687381976 0.554168455361113
 -3.728852217515794 -1.475933630705047 0.2778283965974193
 -3.732328237904062 -3.693951058303055 0.6480214015635801
 -2.491765263960733 -2.70521745638779 0.3097249441233672
 -4.310498744129818 -2.824901911876645 0.2734813212290215
 -3.186920813509688 -4.747490806857259 0.346682043599988
 -2.461696127504761 -4.572637637062957 -0.8006970041669541
 -2.394624497055594 -4.087831068052826 1.262197232727596
 -4.65701147498863 -3.366493102070784 0.2082350552414827
 -3.920427251224087 -2.668861497671057 1.255770743827353
 -2.527432462974443 -2.356877772497201 0.007130923983785564
 -2.381313678496431 -2.259509363306671 -1.400011253845875
 -1.6794235590415 -3.303892831797072 -0.1961763998748214
 -4.134416780872083 -3.529906870215476 -1.453301627845504
 -4.257140380691741 -3.051520669211987 0.1857571857002709
 -4.391779673603583 -2.990619248362988 -1.235371696838869
 -2.56643981294943 -3.083580921780857 0.8870490794166006
 -3.04264567525798 -4.166693148233635 0.3677951524350052
 -2.707948211114642 -3.597032581735738 0.9170167515472589
 -2.726389894730598 -2.101247128331119 0.1612156140036656
 -1.801311683991397 -1.917437687169243 -0.6670269623778651
 -1.43300475886269 -3.728535962766021 -0.7895053277899426
 -2.459678132663485 -2.244363051445604 -1.210094560812125
 -2.326243429355938 -4.668269095575957 -0.3201033136046674
 -3.904446627056691 -4.138173224597171 0.5527935966863309
 -3.199275350705752 -2.942330000674015 -1.620741291151326
 -3.658892054809391 -2.439355863933477 1.42557215257226
 -3.003374261399375 -1.226828739299549 0.794313301158307
 -3.829439857721527 -2.448972103525537 -0.6814336347484786
 -4.382599659554855 -3.001814361936023 -1.41743106297882
 -3.425452800656936 -1.565003889545397 -0.8514015483710999
 -2.055647343673737 -2.982077749271642 -1.2095173488403
 -4.646065150381878 -2.12520779294464 -0.4777360292685213
 -4.081440963068128 -1.540733011328919 -0.07324160982549643
 -4.341941999642055 -2.367024924944689 -0.3527560303768962
 -2.611081407208155 -2.1951855694544 -0.370843896957098
 -3.289198365463373 -3.583817125049361 1.075778675808693
 -2.819632243132138 -3.903464427953343 0.7941368221506133
 -4.32913777347102 -2.884042193990142 0.5760625789219183
 -2.330436225060533 -3.934565594102091 1.237365285760617
 -2.517547600189466 -1.44356322194158 -0.8410047381464201
 -3.799449879153355 -3.9045136161865 0.136052008730982
 -3.692163062656689 -2.913540680893959 -1.689877250016369
 -3.719150466580781 -4.61230761283596 -0.01315075600175608
 -2.798485826182161 -2.500716256817883 -1.009283136826448
 -4.409042349109945 -2.96288001417282 -0.05067545619264702
 -2.047808370584391 -3.134016641506766 0.09000366160674433
 -2.062577315612963 -3.617340587906978 0.2521623469506999
 -3.494047635086576 -1.3532584581995 -0.1580226313514157
 -3.65394631958174 -3.37725841251057 1.303439694053783
 -3.689066544225899 -3.17095501754597 -0.9685733959915115
 -2.794530585033074 -2.557290937387706 1.522972089528335
 -2.762248162342585 -3.078055084994955 -0.1871493221915113
 -2.238502414404299 -4.310082745142384 -1.168977660858288
 -2.834604894322509 -4.17994312295632 1.499025867180948
 -1.876190936160947 -3.48976750407337 -1.0100054936037
 -4.316946372296746 -2.030196886342905 0.0004416886380242957
 -2.662387472490775 -1.537201936824871 0.2413722177313922
 -2.25126653751595 -2.861874193352949 -0.8699705174934558
 -1.70544727515819 -3.674810922167247 0.6900796833717209
 -1.798838904058606 -2.909364864938128 1.53018987860188
 -1.364752691601943 -3.388829039776253 -0.4069664798941768
 -2.955011862597551 -2.707337413727957 -1.753710445744697
 -2.670280732448848 -2.049092263742406 1.237465315953134
 -3.494217073373536 -3.17265737473144 -0.2776353003070107
 -4.175899721721599 -3.081189558513167 -0.564383250724138
 -2.212267672182979 -4.502080350105947 -0.4852975664499339
 -2.942211502792658 -2.660941844618336 1.123158479219339
 -2.202188967860793 -3.823958986592675 -1.433310515324606
 -2.582911839329403 -4.345212174698638 1.201058525036735
 -2.145231856762041 -3.010889267470029 -1.359103007359611
 -2.184247934604665 -2.891653388738631 -0.5026103809882041
 -3.189885301660359 -2.524943037866548 -1.492029402658406
 -1.544565323512239 -3.665970450719438 1.115641366791658
 -4.064773849767962 -2.095436801781138 -1.120362951878604
 -2.731865477310627 -2.461301331255269 0.7109873162910403
 -2.39689265741489 -2.406994322446642 0.4425786900377835
 -2.628068112613009 -4.318513345254043 -0.4710913058844464
 -2.43307921170049 -3.379135040076297 0.110113331336295
 -3.707784587660127 -2.426734062145747 -1.193179703166418
 -2.776011003485884 -3.329908101198688 1.510388440128661
 -4.556091125268737 -2.425849609608974 -0.01198214565563682
 -1.484160179220821 -2.985033628049546 -0.2070811076069041
 -3.038631532233731 -3.107495105150158 0.8851110390662909
 -3.106704871600543 -2.201386553749163 1.176995592116255
 -3.005359187946449 -3.492258022606575 0.6901017782089114
 -1.448965852982571 -2.579104259187887 0.7965400254603514
 -3.220949870708735 -3.676283450447798 -0.2194349959199517
 -3.299055339559737 -2.630015896183043 0.3005140442015435
 -3.064461701515067 -2.566182349854945 1.202205124845204
 -4.024445272933772 -2.267754669606508 0.4775896430917759
 -1.545737277459998 -3.381861258065475 -0.9926486398607455
 -1.82596908296772 -3.124266116426875 0.9840437956757691
 -2.455552124210703 -3.454410557856593 1.623491323581981
 -2.979854469122566 -1.527267981162749 -0.5108422361307794
 -3.04292763591697 -2.496957907845891 0.07854483548360092
 -2.109309714620963 -2.663611940967215 -1.245118559015912
 -4.03411357010855 -2.729417230275811 0.3610220021794457
 -2.896580475337742 -2.741715907140298 1.266270138797166
 -3.638651824947218 -3.262069114994357 1.316023412307231
 -3.67749437321591 -1.957382556542333 -1.263665196496543
 -2.282217215379212 -2.157330666141985 0.7416378619339747
 -3.338802233974907 -4.592308937087911 -0.001942002482517191
 -4.010387029439233 -2.559021347589534 0.1715273313961059
 -4.089144067651176 -2.11617223360515 0.8065552850467781
 -2.031338503334795 -2.202727426864524 -1.432868563311469
 -2.484946507658976 -4.017267512287872 0.5474946093711535
 -4.578190135518941 -2.240151242677999 0.4041764514666788
 -2.573319439036288 -2.504018874505293 -0.3308545762433466
 -3.060409411545031 -3.812575465175878 0.02320793079542671
 -2.609664938481144 -1.620515706252109 -1.074926810472811
 -4.581384881196692 -3.826181478956634 -0.2947361114446003
 -1.099010236001702 -3.244285037394876 0.3256513879034988
 -2.296891219692329 -3.794928146697484 0.04799287781250561
 -2.846563489175835 -2.030341228050774 0.8040954291702405
 -2.683969978484566 -3.807905659600023 0.4863797615064263
 -2.656864901741737 -1.24227715996455 0.4766829520162363
 -4.043447225186292 -2.923857251788707 1.254928674601006
 -2.317958246465884 -3.661951726289387 -0.902909565695986
 -3.448182035671698 -2.907001526058423 -1.184668300690144
 -4.615113568163205 -2.481678388621537 0.8260681385459034
 -2.784497799339349 -4.474903953673575 -0.8442869733559932
 -3.344256869235954 -2.117905219383812 -0.656492183471632
 -4.001655581505088 -1.864529871088801 -0.0833527681434576
 -3.448653410926577 -2.675929461157826 -1.016471543881954
 -1.398604827253401 -2.870395006464408 -1.125358760744134
 -3.410190398198151 -3.102270033256699 0.9126136522766739
 -2.297332892629944 -2.405897280146731 -1.399734742370325
 -3.441059215076101 -4.33255405691631 -0.0105314193317787
 -3.935426585526165 -3.860931836182948 -1.272936684557532
 -2.628045430084255 -3.136664908212598 1.33897241011717
 -1.712146488323267 -3.284827643345649 0.2717846600319214
 -2.249527971302738 -2.791359325797087 -0.2605626096317708
 -2.591938563872107 -3.985198282210193 0.8634105074394567
 -3.300248289986325 -2.183333008475417 -0.1373888584086045
 -3.12646994667732 -4.11778495346767 -0.2096341908736978
 -3.345458686826971 -4.359218372050233 0.4410956223148692
 -4.354505788691406 -2.078155830803676 0.7071457461688895
 -2.714106241907783 -2.962319808229242 -0.1916413695521786
 -3.34395097980112 -3.602501102468977 1.651650523152205
 -4.332852701812735 -4.380062851361143 0.1018209456201773
 -2.02981900982237 -2.047111846675165 -0.2293709629086413
 -3.780292262712874 -2.55629233035286 1.318237421230011
 -3.003497255810132 -3.491051826923206 0.4170847711887196
 -1.517727793563277 -2.992241742169853 -0.7515223827046944
 -3.843506106851988 -2.701607677992363 0.3261010565589277
 -3.300657209495941 -2.521331966944904 1.671531508355591
 -1.73816253684108 -1.841339388719365 -0.1577682209910913
 -1.67932701711605 -2.716414938120989 0.4154013122935911
 -3.428854381514423 -3.053784456716142 0.4221724546811059
 -2.136926988594888 -3.028829312528545 -1.739241166561597
 -2.860514890916219 -2.620727447511806 -1.639437944399124
 -4.410675564688309 -3.16061325417378 0.2029446092242715
 -2.864634223837302 -2.302702164263448 -0.7098836899589218
 -3.290172986735733 -1.469798069906297 0.1494315106386743
 -2.081969466531805 -2.412015796189764 -0.8881018391876545
 -2.208669893746845 -1.42803080227572 -0.4255604415925085
 -3.68849469377243 -1.83174224112628 0.3666209213398721
 -3.258564879247577 -2.911654846544556 1.419549559419893
 -2.31487788526955 -2.594832422354227 0.5512495255704084
 -3.606891988356685 -2.598384443015233 -0.5538291997828939
 -2.130184650246737 -3.233984055914827 1.283233428498074
 -2.866974402854832 -3.85828283333299 -1.426181236974792
 -1.281729573307687 -2.970576372948686 0.1541541774923578
 -2.610026239365661 -2.257996270082043 -1.413192701262227
 -3.784735009087603 -3.890628545446945 0.7736749398099949
 -4.889541748541025 -2.92441720634305 -0.639458383973649
 -1.628442946714606 -2.804879049527719 1.130657655680168
 -4.200511065161284 -2.859896049950424 -0.04206999748911255
# name: centroids_ok
# type: matrix
# rows: 3
# columns: 3
 -0.01912051690205838 -0.008115040880556906 -0.01685156115265841
 3.091457520694503 2.974093790883527 2.995792992649937
 -2.972335030681133 -3.005040045210396 -0.001530082354167348
# name: cost_ok
# type: scalar
2381.511910602444
