# Created by Octave 3.2.4, Tue Mar 06 22:24:35 2012 EET <andrei@andrei-xps>
# name: points_ok
# type: matrix
# rows: 309
# columns: 3
 -0.1607028015591619 -0.3670169257094079 0.04534482501713288
 0.4989706951456316 -0.4857911678910208 0.05512568349565661
 0.3879728288126145 0.7148683593226266 -0.1397710373829567
 -0.05999975560822068 0.2859762108491102 0.8377778541443019
 0.1952204527338703 0.8737135009397148 -0.2412307017742145
 -0.06438219011139801 -0.8225376694764307 0.03374318995628078
 -0.04837520865643696 0.1328840963622919 0.8604301100860079
 -0.6012911822537322 -0.6733467122227451 0.2790453132946087
 0.07570984939135994 0.7231122365662808 0.5899296890721923
 -0.2275799694732371 0.07561265928900029 0.1120287456555149
 0.3030836493623752 -0.1259270872157933 -0.1907014655402514
 -0.5238108306877575 0.8142329566436746 -0.1052189738337955
 -0.7560476938032797 0.2374331540321859 -0.4751659506145051
 0.3411958241287416 0.1585525669638981 0.02021922361084738
 -0.8363863139728968 -0.2407545443437406 -0.328279506089055
 -0.1580444043046153 -0.5498928992246829 0.5843052258841719
 0.3077600908802809 0.7830437812362774 0.3376248579726269
 -0.8588189537157512 0.3246010949374349 -0.3234744444853884
 0.7536462318428845 -0.5469260212960271 0.2121441991057986
 0.4596847528097352 0.549835971155014 0.475684200547523
 0.5177098476764543 0.3731029400514938 -0.3644238065552955
 -0.3573744119642367 -0.1491549185362279 -0.05867874716617061
 0.2424680384263251 0.1197291039019963 -0.7114972236746363
 -0.6490265932595968 0.1701862858006249 0.4456296995719864
 -0.6565835111979988 0.3751332606332323 0.3909907734628342
 0.51642388211199 -0.724375371188953 -0.05553987560831597
 -0.1385667081350769 -0.6829591972683068 -0.08354293926798906
 0.4452666297945174 -0.3514237150491745 -0.7979942662576073
 0.2178802893536678 0.6654838941403087 -0.2335640151063093
 -0.5495972843620954 0.05063982919961041 0.5320342991156588
 0.4988205814024413 -0.4453522306255379 -0.5322456143363942
 0.4143491195513809 -0.09606472827961154 -0.269194858590769
 0.7691027962691281 -0.3437693269836312 -0.2087454905652927
 0.2452527990426641 0.2706035314622652 -0.394122408627034
 -0.2289336851397933 -0.5686934542232051 -0.6369244124509169
 100.0745537385343 0.5124286770991862 -0.482057254952896
 100.4900364667469 -0.2105508986911339 0.6496906232454718
 100.3545821541364 0.7970129673628989 0.2825065888699998
 100.0100694061239 -0.2864639301114572 0.3158178519003165
 100.2293095001514 0.01634232621175991 0.3998268050705691
 99.48834830572673 0.0102811278133137 0.7306080067844611
 99.30568879296189 0.05990179450458633 -0.2408946673496709
 100.0918977819648 0.6508568656992264 -0.4635341614479921
 99.5698173430834 0.1676958695528703 0.5797028475407178
 100.0245545476115 -0.01436385311977506 -0.09948724029538536
 99.99972923240044 -0.1991218326688661 0.3694377413104144
 100.2113875912323 -0.01495064619158659 -0.1044162217371288
 99.70258807343679 -0.7016957390413495 -0.4926819767257563
 99.1346942650697 -0.0002709442492260239 -0.3200223740170912
 99.87018083346685 0.1009030447769668 -0.9615991651113757
 99.72506482834051 -0.527421522979035 -0.7603602879852048
 100.783163598745 0.2477295927252374 -0.2924463008947559
 99.60319699753657 0.2026365197342794 0.4177307537261075
 99.35261780927704 0.188313542028741 -0.10838336340369
 99.46617798683693 0.2075918598988851 -0.5798415642614593
 99.66428448421765 0.1437010601257929 -0.386369042967465
 99.69221293136511 -0.7691588904511256 0.4664025302181682
 100.418475261474 0.08720786981606121 -0.1933748807558692
 100.1448771253583 -0.2761480263231709 0.05912733376087531
 99.73750573188408 -0.4420900976165129 -0.22717273183186
 99.49118023368932 0.1440626652379327 0.6020479513391377
 99.62450784291022 0.1287157833254509 -0.6930691516574078
 100.2557417388382 0.8641197784474948 -0.2061358677666224
 99.55330851878706 -0.148227459811285 -0.8181781042795208
 100.3924278664979 0.08368921254070738 0.6145826256294638
 100.3402687788928 0.5044642684769505 0.5526051440255932
 99.68600743428277 -0.0529424483770663 0.3809378433470711
 99.5368168907172 -0.3835113985722322 -0.4513661221071642
 100.1547508665476 0.1744528105250143 -0.05341723386080266
 99.45500169036011 -0.5034464242322553 -0.5854422113336343
 99.67347989193271 -0.2729482844001997 -0.5672104465274613
 100.1078801906099 0.2685902088244505 0.8064140329739726
 99.80950096081405 0.4802423766146415 -0.8296382956723732
 99.72214423846586 -0.2829911924791778 0.50851231809135
 99.81075029944023 0.1337114498275145 0.01215852682434981
 99.90848712809454 0.6459438007644096 -0.4938532384218429
 -100.4614739824702 -0.1315498725611156 0.1338294158706121
 -100.2362027275804 0.7711093587913611 0.185269368035506
 -100.1508284008442 -0.04742068604819416 -0.5740373644284004
 -100.968960124587 0.1865870520772457 -0.1256771249680572
 -99.73075776536103 0.8139795835754615 -0.2598362679839216
 -100.5593592553139 0.3681049723247121 -0.5345977134536776
 -99.15566928418093 0.4509221471688232 -0.2343710050746323
 -100.6355137316235 0.4813712163870132 -0.08338983708709591
 -99.31417942831514 -0.209651766790394 0.3518327788897933
 -100.2119460582364 -0.5137000886139232 -0.4629663818822981
 -100.1429122217133 0.8731679846994658 0.0327648478834115
 -100.4220923351011 0.5525052881804438 -0.6217980408327893
 -100.5299514049356 -0.5211428518630178 -0.0224941417684118
 -99.18557538333275 0.04809040418274524 0.3055648719141166
 -99.73894916475803 -0.2020405569983365 -0.1832225984501533
 -99.89281327623495 -0.5185601440560984 -0.424220122940632
 -100.4177479667147 -0.1404783919686438 -0.6335189437521213
 -99.7014156173297 -0.003318365487059993 0.1540596829916874
 -99.52714733121353 -0.128354402209539 0.5256547671781813
 -100.7568484308289 -0.1294581802468079 -0.5889370634387349
 -100.5707741935472 0.5326551921417964 0.1316003870153424
 -100.3610251361349 0.1670196276732465 -0.5706504912754796
 -100.2996326606015 -0.09922208610358363 -0.3814832367002688
 -99.36916171739736 0.4372537853967471 -0.3164127813898839
 -100.6964588748338 0.07904884135077017 -0.3311093308409022
 -99.30584492710378 0.5539155817687254 0.2068962529449869
 -100.2545938784182 -0.3196599321916266 -0.7215859854181664
 -100.0523210711096 0.4292222525369027 0.7288164300946975
 -100.1461808294914 0.8240080759775987 -0.3984484488368908
 -99.18905508155477 -0.1491149023675175 -0.5470354519512702
 -99.8664075584261 -0.9177091331842225 -0.1372672914255221
 -100.2491554136752 -0.5252863338091106 0.468898573312414
 -99.54553381086573 -0.03370756900321947 0.5807251007507295
 -99.93866066563699 -0.1520716704167612 0.405914054354245
 -100.4212754304908 -0.08727177505674344 0.08392210924541232
 -100.141650398194 -0.335805335881839 0.3833969296234205
 -100.0352711424872 0.05149331492871179 -0.8308752140708585
 -100.3658630098987 -0.5316444904720549 0.03504042561812981
 -100.2698905647465 0.06862089829031781 0.8154527015503037
 -100.5330912805541 -0.4576249667987343 0.6957806544773559
 -99.31724112340954 0.05801129019853812 -0.5971916861182053
 -99.87084574737624 0.9255082484698018 0.009504326710362276
 -100.5981065945004 -0.2617125575973326 0.3574973738446587
 -99.80169198216009 -0.105178737197332 -0.7301952489828726
 -100.454986300254 0.4800695396990216 0.1035673729311524
 -99.5688801377279 -0.08164911842902922 -0.2716488501958741
 -99.58175201197534 0.3247079719539605 0.7186930428309832
 -99.42097764457105 -0.7136240070347469 0.08528737390429741
 -99.13719165553074 0.1401790945064822 0.1975399494909362
 -100.0578801305732 -0.6898422498127857 -0.5456232353023257
 -100.2159861150811 -0.4589102326371831 0.8391557614238123
 -100.0856266500024 0.7415769689102913 -0.4130981537997781
 -100.1192820680074 -0.1080097075095793 -0.8239142316633113
 -99.88389883302862 0.8241652981001493 0.5268894076719055
 -100.3579905456527 -0.8089151083106282 0.316346189474509
 -0.1372130800382586 100.681497936113 0.5919170329661005
 0.06354241977060693 99.64897615762537 -0.2136126964443062
 -0.7468201490244476 100.4766974657107 -0.1930232465481557
 -0.3673997449883651 99.95233684718218 0.191627633332718
 -0.2075363955353103 99.83555184018651 0.5619309482035884
 0.4963174697569037 99.74309983726494 0.7997543621072072
 0.5082059066153681 100.6096898019128 0.2986803235312578
 0.4724104568665932 100.1547387303904 0.03662341190928009
 0.1179758372598652 99.93860417062183 0.4580641158283687
 0.02233011987625111 99.90701474157956 -0.505635453765284
 0.7129195151207612 99.97305494495632 0.04574920557524975
 0.5479895510634116 99.38128415733107 -0.191601129602999
 0.4587997915828432 100.6689396550997 0.351845146061688
 0.5797975804120654 100.5530358465465 0.466864956790938
 0.1668787089772519 100.1952057423137 0.7041040914340468
 -0.1100646483894986 100.3940988698308 0.1041322561934444
 0.6404928381304513 100.1748623512636 -0.03164088280530863
 -0.2640016069293395 99.4068086779826 0.04937956332777849
 -0.3761481363923657 100.0687903940382 -0.3062223933088831
 -0.2270861116060275 99.22456719677322 -0.1283558709745031
 0.3213883096575847 100.3267074706556 0.2395187585820293
 -0.792581183767728 100.4203826116417 0.03866603310771843
 -0.5369188404417743 100.2953831887541 0.20840913552827
 0.1946698007117329 100.6706888757588 0.05316011867694548
 0.3310779894253313 100.2869071313577 -0.5053082046325726
 0.2393558736827368 99.50568151332833 -0.2702287554739314
 -0.111796362203925 99.92572203130597 0.3756176772050031
 -0.7263180286005578 99.5944566694567 -0.1324432373954169
 -0.2638418989036145 99.87944521550686 0.3180290227061684
 0.674167331175582 99.78051173089221 -0.3214256491717723
 -0.3802714081666244 99.60883266685786 0.3083901864625047
 -0.6255009833423849 100.6339254912455 0.1505081808882438
 0.4779201247147407 99.4153877439214 -0.2638476943207199
 0.4396502163305687 100.168567697671 -0.4688610205619775
 -0.1659195803859984 100.0858136653702 -0.5013488188600287
 -0.5094255595979521 100.3599295413696 -0.1079919875703413
 -0.0682918214624747 100.3267497304073 -0.5892781174794223
 0.2732807178260783 99.58930986845371 0.6771775378781306
 -0.7694329730376847 100.2710280541445 -0.3518172825754727
 -0.0575763913644497 100.6018421969408 0.3688290918465535
 -0.1326642314688494 99.27797252920399 -0.4423089535444765
 0.721297387948808 100.4044129732645 0.1653684845026926
 -0.5402559967936743 100.512993246723 0.2554015574977058
 0.1283406604968944 100.5346650076047 -0.7827704523747702
 0.2321949490472976 100.9301144521948 -0.1894099848545453
 0.01719119932977398 99.84095910453695 0.6444063815584915
 -0.6704263960482456 99.85696363918434 -0.4683267404895185
 -0.6873412918136431 -99.70313144375831 0.5920132641163176
 -0.114904123781204 -100.4004753301129 -0.5184674170962179
 -0.4935251925068577 -100.2801006006085 -0.1683570422374353
 0.8447945573985183 -99.72302985911656 0.1643403570059723
 0.4160033444877147 -100.4733629089587 -0.6236171862422605
 -0.8020445537464783 -99.97895826728593 -0.5934100054052417
 -0.04534086873780974 -100.3074459757957 -0.7390086084437474
 0.3128425627503431 -100.0374073422214 -0.48623494904955
 0.6111081660213908 -100.1583132053655 -0.02166920627890112
 -0.4950543962884347 -99.97330450879561 0.5409764065120186
 -0.5299354769258963 -99.82218083202206 0.1892644451661118
 0.133522083444348 -99.70441574618573 0.6789653135274112
 -0.3429579778915378 -99.59743468704838 -0.1065842066163697
 0.7003788731658493 -99.47670805912523 0.4337553127791838
 -0.27103848202542 -99.79663132091451 0.8384833700974863
 -0.5295696500223616 -100.249795008349 -0.3705520772970744
 0.3718644614155568 -99.52541845094264 -0.6585682786589749
 -0.3696670094693487 -99.20243164192385 -0.4130283947347734
 0.3502974326831099 -99.95893749134065 -0.9204098707717915
 0.6833084076697917 -99.67530300958138 0.4968418916386141
 0.1335585795848742 -100.0195766116605 0.1244874136601206
 -0.6209477708730006 -100.1710750352665 0.1833039907426011
 0.40803441803103 -99.94578312954995 0.8069731062302359
 -0.9497957345699201 -99.9559957710474 -0.03679038030879267
 -0.7964872207825052 -100.080725609724 0.1827644607346552
 0.1913425781251699 -99.32568722474085 -0.4350079318152756
 0.05163027586095237 -100.212974501277 -0.8388047142639089
 0.8809816741209031 -99.54691346689752 -0.0950425153671749
 -0.128975709571351 -100.5315828675935 -0.4407433641189312
 -0.8449643753078296 -99.89681407885018 -0.1307336013990549
 0.8823552921926758 -100.0546200355088 -0.4362245737082794
 -0.3831476464453744 -100.6454790112694 0.4560373798541131
 0.315343773887937 -100.2193540819869 -0.9096324405931969
 -0.4131239643709798 -99.82416157500172 0.6987025306923378
 -0.451931442920971 -99.50880709956893 -0.7183713950488114
 0.1892538513657032 -99.29308123599239 -0.05836774641277687
 0.02315461228211713 -100.2158188142955 0.5053428021854756
 0.1199518132427366 -99.99046282763091 0.5695233706345859
 0.1094968420587357 -100.3067219385032 -0.2519520907286202
 0.7491931054681586 -100.0615783821043 0.2335700019654257
 9998.970362838687 9999.44506203375 9998.803525634263
 9998.93419228405 9999.165625336384 9999.972932957286
 9999.285195676359 9999.754331046448 9999.022914617726
 9999.333072918029 9998.973962762588 9998.73857952551
 9999.327985915203 9999.903500941977 9999.113381167834
 9999.443306470746 9999.789342081172 9999.287495078899
 9998.52575499 9998.482815205909 9998.443445270857
 9999.295986891755 9998.53182770497 9999.31500194922
 9999.072893312157 9998.924122264631 9998.671150102411
 9999.975082139785 9998.961974156346 9998.936046239074
 9999.353144895473 9999.417928372084 9998.651043892325
 9998.606458216895 9999.342035655758 9999.598469748815
 9999.421395209962 9998.534625951794 9998.426715352782
 9999.470344069125 9999.221689712655 9999.497118804196
 9999.739984667076 9999.409981016304 9999.207097656648
 9999.375678245469 9999.274748319389 9999.662707501047
 9999.495981486689 9999.081023840323 9998.794111597623
 9998.927272754885 9998.628824828595 9999.120707361399
 9999.594174199561 9999.548011037585 9998.713117280986
 9998.452029016218 9998.740219005724 9999.763326754914
 9999.460399612868 9999.073219108517 9998.229399168122
 9999.534199391363 9998.582789127753 9999.2794540368
 9999.045642440657 9999.901972346848 9998.99558605677
 9998.246090533754 9998.838717318835 9999.582222233776
 9999.265828091007 9999.327297481937 9999.675026503441
 9998.637478994422 9998.95790712346 9999.432409233563
 9999.047947704608 9998.879487118589 9998.102843652632
 9999.393070733877 9998.621365216852 9998.467804756181
 9999.244848711567 9998.927324986278 9999.66671774902
 9999.61090085387 9999.456305751521 9998.633495688051
 9998.600616150681 9999.196967157339 9999.380953043074
 9998.725506400033 9999.30762955116 9998.567651528374
 9998.348940144029 9998.852020029517 9999.43780435279
 9998.685402472533 9999.430636378296 9998.795047337489
 9998.958116683314 9999.57978180345 9999.089282566776
 9999.01431125861 9998.848092640415 9998.447975700125
 9999.442723092137 9998.806252746679 9999.824236857123
 9998.369215517889 9999.00354038174 9999.335355299016
 9998.966954951618 9999.010736393489 9999.373307884034
 9999.477339111407 9999.206640790777 9999.123335755394
 9999.53741349976 9999.098748233157 9998.757861338489
 9998.567600937968 9999.591490602004 9998.481787614497
 9999.442095964087 9999.686017586815 9998.586193613866
 9998.839332844966 9998.805723813402 9999.374399786449
 9998.645220269424 9999.527760396497 9999.201436952595
 9999.343803845735 9998.86630383776 9998.925716803509
 9998.568270542677 9998.422299799442 9998.651975118299
 9999.459895004871 9998.921992466103 9998.117933108499
 9998.814708669632 9999.253041163252 9998.856189349361
 9998.807122217475 9999.276588104885 9999.349440223037
 9998.409540059643 9999.32500999018 9999.067914657215
 9999.01799700863 9998.288604070784 9999.188107268776
 9998.950439607737 9999.034013232165 9998.75915948605
 9998.554548635228 9999.171667249131 9999.143772180842
 9999.212619188949 9998.174878018355 9998.505612968802
 9999.555815009255 9999.23865598705 9998.507704549986
 9999.648189309646 9998.922878597687 9999.257874913455
 9998.872582402821 9999.549133718994 9998.258712561174
 9998.442471098066 9998.826001280268 9999.215980163435
 9998.51667322819 9999.430816955219 9998.821475505711
 9998.654537795564 9998.312085825401 9998.854045935526
 9998.956276735493 9999.250795370732 9998.716159500085
 9998.867577756973 9998.923189370827 9998.638018255071
 9999.294467189771 9998.896851414798 9998.928843007359
 9999.209230443264 9999.695624642658 9999.198505291968
 9998.536859228439 9998.908895565864 9998.297976857546
 9999.618466591019 9999.203649030705 9998.81067074109
 9998.421270479756 9998.784840956732 9999.062871889242
 9998.565028039195 9999.494068400687 9999.663517926158
 9998.602285927371 9998.171095283638 9999.145178375426
 9999.268940979799 9999.845246183231 9999.010653214304
 9998.848362499743 9998.776610193076 9998.526431862672
 9998.244978152397 9998.716083897072 9999.32748609287
 9998.896821903147 9998.21461694571 9998.545662217064
 9999.489537531348 9999.237612529872 9999.737433523491
 9998.867855167493 9999.607251943669 9999.054607377333
 9999.010403274147 9999.358926784018 9999.756994945337
 9999.664644321354 9999.073316431874 9998.714154226695
 9998.33601301538 9999.265656570919 9999.447722438003
 9999.461826430732 9999.021550996167 9998.616359663178
 9999.127890442856 9998.852559330047 9998.960969932788
 9999.698830339445 9999.608106138507 9999.158442479396
 9998.832297466788 9999.469737528696 9998.259490127139
 9998.163674453606 9998.791538392132 9998.827637937633
 9999.514848267263 9998.921285395536 9998.96258817259
 9999.028002237223 9999.409664668927 9998.505837251721
 9999.273765994431 9999.66950820579 9998.950598182793
 9998.636243427984 9999.458036328049 9998.672771610638
 9999.506774010037 9999.31290209237 9999.555253694016
 9999.37580845021 9999.260548725115 9999.585502467022
 9999.144801184584 9999.96917016418 9999.061601645983
# name: centroids_ok
# type: matrix
# rows: 2
# columns: 3
 -6.456806861523408 3.258265690549347 -0.03102909293920408
 9999.043961408024 9999.119043792722 9998.997384976952
# name: cost_ok
# type: scalar
18527.00630829851
